{"/Users/sth1pal/Documents/Development/JavaScript/nodejs/ts6/dev/hsNode/hsHomeSec/src/node/comm/UserComm.ts": {"path":"/Users/sth1pal/Documents/Development/JavaScript/nodejs/ts6/dev/hsNode/hsHomeSec/src/node/comm/UserComm.ts","statementMap":{"0":{"start":{"line":3,"column":0},"end":{"line":3,"column":39}},"1":{"start":{"line":16,"column":4},"end":{"line":16,"column":19}},"2":{"start":{"line":18,"column":4},"end":{"line":18,"column":32}},"3":{"start":{"line":21,"column":8},"end":{"line":21,"column":29}},"4":{"start":{"line":25,"column":8},"end":{"line":25,"column":37}},"5":{"start":{"line":26,"column":8},"end":{"line":26,"column":35}},"6":{"start":{"line":27,"column":8},"end":{"line":29,"column":9}},"7":{"start":{"line":28,"column":12},"end":{"line":28,"column":59}},"8":{"start":{"line":28,"column":36},"end":{"line":28,"column":57}},"9":{"start":{"line":33,"column":8},"end":{"line":33,"column":34}},"10":{"start":{"line":37,"column":8},"end":{"line":37,"column":62}},"11":{"start":{"line":41,"column":8},"end":{"line":41,"column":55}},"12":{"start":{"line":41,"column":47},"end":{"line":41,"column":53}},"13":{"start":{"line":45,"column":8},"end":{"line":45,"column":61}},"14":{"start":{"line":49,"column":13},"end":{"line":49,"column":36}},"15":{"start":{"line":52,"column":4},"end":{"line":52,"column":84}},"16":{"start":{"line":52,"column":50},"end":{"line":52,"column":59}},"17":{"start":{"line":51,"column":0},"end":{"line":53,"column":1}},"18":{"start":{"line":56,"column":4},"end":{"line":56,"column":50}},"19":{"start":{"line":55,"column":0},"end":{"line":57,"column":1}},"20":{"start":{"line":60,"column":4},"end":{"line":60,"column":34}},"21":{"start":{"line":59,"column":0},"end":{"line":61,"column":1}},"22":{"start":{"line":64,"column":4},"end":{"line":64,"column":87}},"23":{"start":{"line":64,"column":52},"end":{"line":64,"column":62}},"24":{"start":{"line":63,"column":0},"end":{"line":65,"column":1}},"25":{"start":{"line":68,"column":4},"end":{"line":68,"column":38}},"26":{"start":{"line":67,"column":0},"end":{"line":69,"column":1}}},"fnMap":{"0":{"name":"(anonymous_0)","decl":{"start":{"line":20,"column":4},"end":{"line":null,"column":-1}},"loc":{"start":{"line":20,"column":4},"end":{"line":22,"column":5}}},"1":{"name":"(anonymous_1)","decl":{"start":{"line":24,"column":4},"end":{"line":24,"column":10}},"loc":{"start":{"line":24,"column":21},"end":{"line":30,"column":5}}},"2":{"name":"(anonymous_2)","decl":{"start":{"line":28,"column":31},"end":{"line":28,"column":32}},"loc":{"start":{"line":28,"column":36},"end":{"line":28,"column":57}}},"3":{"name":"(anonymous_3)","decl":{"start":{"line":32,"column":4},"end":{"line":32,"column":14}},"loc":{"start":{"line":32,"column":28},"end":{"line":34,"column":5}}},"4":{"name":"(anonymous_4)","decl":{"start":{"line":36,"column":4},"end":{"line":36,"column":13}},"loc":{"start":{"line":36,"column":27},"end":{"line":38,"column":5}}},"5":{"name":"(anonymous_5)","decl":{"start":{"line":40,"column":4},"end":{"line":40,"column":18}},"loc":{"start":{"line":40,"column":19},"end":{"line":42,"column":5}}},"6":{"name":"(anonymous_6)","decl":{"start":{"line":41,"column":35},"end":{"line":41,"column":36}},"loc":{"start":{"line":41,"column":47},"end":{"line":41,"column":53}}},"7":{"name":"(anonymous_7)","decl":{"start":{"line":44,"column":4},"end":{"line":44,"column":22}},"loc":{"start":{"line":44,"column":35},"end":{"line":46,"column":5}}},"8":{"name":"message","decl":{"start":{"line":51,"column":0},"end":{"line":51,"column":23}},"loc":{"start":{"line":51,"column":75},"end":{"line":53,"column":1}}},"9":{"name":"(anonymous_9)","decl":{"start":{"line":52,"column":45},"end":{"line":52,"column":46}},"loc":{"start":{"line":52,"column":50},"end":{"line":52,"column":59}}},"10":{"name":"videoChat","decl":{"start":{"line":55,"column":0},"end":{"line":55,"column":25}},"loc":{"start":{"line":55,"column":38},"end":{"line":57,"column":1}}},"11":{"name":"audioChat","decl":{"start":{"line":59,"column":0},"end":{"line":59,"column":25}},"loc":{"start":{"line":59,"column":38},"end":{"line":61,"column":1}}},"12":{"name":"sendEmail","decl":{"start":{"line":63,"column":0},"end":{"line":63,"column":25}},"loc":{"start":{"line":63,"column":91},"end":{"line":65,"column":1}}},"13":{"name":"(anonymous_13)","decl":{"start":{"line":64,"column":49},"end":{"line":64,"column":50}},"loc":{"start":{"line":64,"column":52},"end":{"line":64,"column":62}}},"14":{"name":"getEmail","decl":{"start":{"line":67,"column":0},"end":{"line":67,"column":24}},"loc":{"start":{"line":67,"column":34},"end":{"line":69,"column":1}}}},"branchMap":{"0":{"loc":{"start":{"line":27,"column":8},"end":{"line":29,"column":9}},"type":"if","locations":[{"start":{"line":27,"column":8},"end":{"line":29,"column":9}},{"start":{"line":27,"column":8},"end":{"line":29,"column":9}}]},"1":{"loc":{"start":{"line":37,"column":21},"end":{"line":37,"column":37}},"type":"cond-expr","locations":[{"start":{"line":37,"column":21},"end":{"line":37,"column":37}},{"start":{"line":37,"column":40},"end":{"line":37,"column":61}}]}},"s":{"0":1,"1":1,"2":1,"3":1,"4":1,"5":1,"6":1,"7":1,"8":1,"9":1,"10":1,"11":0,"12":0,"13":0,"14":1,"15":0,"16":0,"17":1,"18":0,"19":1,"20":0,"21":1,"22":0,"23":0,"24":1,"25":0,"26":1},"f":{"0":1,"1":1,"2":1,"3":1,"4":1,"5":0,"6":0,"7":0,"8":0,"9":0,"10":0,"11":0,"12":0,"13":0,"14":0},"b":{"0":[1,0],"1":[1,0]}}
}
