{"/Users/sth1pal/Documents/Development/JavaScript/nodejs/ts6/dev/hsNode/hsHomeSec/src/node/comm/UserComm.ts": {"path":"/Users/sth1pal/Documents/Development/JavaScript/nodejs/ts6/dev/hsNode/hsHomeSec/src/node/comm/UserComm.ts","statementMap":{"0":{"start":{"line":3,"column":0},"end":{"line":3,"column":39}},"1":{"start":{"line":14,"column":4},"end":{"line":14,"column":19}},"2":{"start":{"line":16,"column":4},"end":{"line":16,"column":32}},"3":{"start":{"line":19,"column":8},"end":{"line":19,"column":37}},"4":{"start":{"line":23,"column":8},"end":{"line":23,"column":37}},"5":{"start":{"line":24,"column":8},"end":{"line":24,"column":35}},"6":{"start":{"line":25,"column":8},"end":{"line":27,"column":9}},"7":{"start":{"line":26,"column":12},"end":{"line":26,"column":59}},"8":{"start":{"line":26,"column":36},"end":{"line":26,"column":57}},"9":{"start":{"line":31,"column":8},"end":{"line":31,"column":55}},"10":{"start":{"line":31,"column":47},"end":{"line":31,"column":53}},"11":{"start":{"line":35,"column":8},"end":{"line":35,"column":34}},"12":{"start":{"line":39,"column":8},"end":{"line":39,"column":62}},"13":{"start":{"line":43,"column":8},"end":{"line":43,"column":55}},"14":{"start":{"line":43,"column":47},"end":{"line":43,"column":53}},"15":{"start":{"line":47,"column":8},"end":{"line":47,"column":61}},"16":{"start":{"line":51,"column":13},"end":{"line":51,"column":36}},"17":{"start":{"line":54,"column":4},"end":{"line":54,"column":84}},"18":{"start":{"line":54,"column":50},"end":{"line":54,"column":59}},"19":{"start":{"line":53,"column":0},"end":{"line":55,"column":1}},"20":{"start":{"line":58,"column":4},"end":{"line":58,"column":50}},"21":{"start":{"line":57,"column":0},"end":{"line":59,"column":1}},"22":{"start":{"line":62,"column":4},"end":{"line":62,"column":34}},"23":{"start":{"line":61,"column":0},"end":{"line":63,"column":1}},"24":{"start":{"line":66,"column":4},"end":{"line":66,"column":87}},"25":{"start":{"line":66,"column":52},"end":{"line":66,"column":62}},"26":{"start":{"line":65,"column":0},"end":{"line":67,"column":1}},"27":{"start":{"line":70,"column":4},"end":{"line":70,"column":38}},"28":{"start":{"line":69,"column":0},"end":{"line":71,"column":1}}},"fnMap":{"0":{"name":"(anonymous_0)","decl":{"start":{"line":18,"column":4},"end":{"line":null,"column":-1}},"loc":{"start":{"line":18,"column":4},"end":{"line":20,"column":5}}},"1":{"name":"(anonymous_1)","decl":{"start":{"line":22,"column":4},"end":{"line":22,"column":10}},"loc":{"start":{"line":22,"column":21},"end":{"line":28,"column":5}}},"2":{"name":"(anonymous_2)","decl":{"start":{"line":26,"column":31},"end":{"line":26,"column":32}},"loc":{"start":{"line":26,"column":36},"end":{"line":26,"column":57}}},"3":{"name":"(anonymous_3)","decl":{"start":{"line":30,"column":4},"end":{"line":30,"column":15}},"loc":{"start":{"line":30,"column":16},"end":{"line":32,"column":5}}},"4":{"name":"(anonymous_4)","decl":{"start":{"line":31,"column":35},"end":{"line":31,"column":36}},"loc":{"start":{"line":31,"column":47},"end":{"line":31,"column":53}}},"5":{"name":"(anonymous_5)","decl":{"start":{"line":34,"column":4},"end":{"line":34,"column":14}},"loc":{"start":{"line":34,"column":28},"end":{"line":36,"column":5}}},"6":{"name":"(anonymous_6)","decl":{"start":{"line":38,"column":4},"end":{"line":38,"column":13}},"loc":{"start":{"line":38,"column":27},"end":{"line":40,"column":5}}},"7":{"name":"(anonymous_7)","decl":{"start":{"line":42,"column":4},"end":{"line":42,"column":18}},"loc":{"start":{"line":42,"column":19},"end":{"line":44,"column":5}}},"8":{"name":"(anonymous_8)","decl":{"start":{"line":43,"column":35},"end":{"line":43,"column":36}},"loc":{"start":{"line":43,"column":47},"end":{"line":43,"column":53}}},"9":{"name":"(anonymous_9)","decl":{"start":{"line":46,"column":4},"end":{"line":46,"column":22}},"loc":{"start":{"line":46,"column":35},"end":{"line":48,"column":5}}},"10":{"name":"message","decl":{"start":{"line":53,"column":16},"end":{"line":53,"column":23}},"loc":{"start":{"line":53,"column":75},"end":{"line":55,"column":1}}},"11":{"name":"(anonymous_11)","decl":{"start":{"line":54,"column":45},"end":{"line":54,"column":46}},"loc":{"start":{"line":54,"column":50},"end":{"line":54,"column":59}}},"12":{"name":"videoChat","decl":{"start":{"line":57,"column":16},"end":{"line":57,"column":25}},"loc":{"start":{"line":57,"column":38},"end":{"line":59,"column":1}}},"13":{"name":"audioChat","decl":{"start":{"line":61,"column":16},"end":{"line":61,"column":25}},"loc":{"start":{"line":61,"column":38},"end":{"line":63,"column":1}}},"14":{"name":"sendEmail","decl":{"start":{"line":65,"column":16},"end":{"line":65,"column":25}},"loc":{"start":{"line":65,"column":91},"end":{"line":67,"column":1}}},"15":{"name":"(anonymous_15)","decl":{"start":{"line":66,"column":49},"end":{"line":66,"column":50}},"loc":{"start":{"line":66,"column":52},"end":{"line":66,"column":62}}},"16":{"name":"getEmail","decl":{"start":{"line":69,"column":16},"end":{"line":69,"column":24}},"loc":{"start":{"line":69,"column":34},"end":{"line":71,"column":1}}}},"branchMap":{"0":{"loc":{"start":{"line":25,"column":8},"end":{"line":27,"column":9}},"type":"if","locations":[{"start":{"line":25,"column":8},"end":{"line":27,"column":9}},{"start":{"line":25,"column":8},"end":{"line":27,"column":9}}]},"1":{"loc":{"start":{"line":39,"column":21},"end":{"line":39,"column":37}},"type":"cond-expr","locations":[{"start":{"line":39,"column":21},"end":{"line":39,"column":37}},{"start":{"line":39,"column":40},"end":{"line":39,"column":61}}]}},"s":{"0":5,"1":5,"2":5,"3":5,"4":3,"5":3,"6":3,"7":3,"8":3,"9":1,"10":1,"11":1,"12":4,"13":0,"14":0,"15":1,"16":5,"17":3,"18":3,"19":5,"20":0,"21":5,"22":0,"23":5,"24":3,"25":3,"26":5,"27":0,"28":5},"f":{"0":5,"1":3,"2":3,"3":1,"4":1,"5":1,"6":4,"7":0,"8":0,"9":1,"10":3,"11":3,"12":0,"13":0,"14":3,"15":3,"16":0},"b":{"0":[3,0],"1":[4,0]}}
,"/Users/sth1pal/Documents/Development/JavaScript/nodejs/ts6/dev/hsNode/hsHomeSec/src/node/comm/ftpSrv.ts": {"path":"/Users/sth1pal/Documents/Development/JavaScript/nodejs/ts6/dev/hsNode/hsHomeSec/src/node/comm/ftpSrv.ts","statementMap":{"0":{"start":{"line":1,"column":0},"end":{"line":1,"column":38}},"1":{"start":{"line":2,"column":0},"end":{"line":2,"column":31}},"2":{"start":{"line":2,"column":46},"end":{"line":2,"column":64}},"3":{"start":{"line":3,"column":0},"end":{"line":3,"column":44}},"4":{"start":{"line":5,"column":11},"end":{"line":5,"column":23}},"5":{"start":{"line":15,"column":13},"end":{"line":21,"column":2}},"6":{"start":{"line":24,"column":4},"end":{"line":24,"column":20}},"7":{"start":{"line":23,"column":0},"end":{"line":25,"column":1}},"8":{"start":{"line":28,"column":4},"end":{"line":31,"column":7}},"9":{"start":{"line":29,"column":8},"end":{"line":30,"column":56}},"10":{"start":{"line":29,"column":21},"end":{"line":29,"column":66}},"11":{"start":{"line":30,"column":21},"end":{"line":30,"column":55}},"12":{"start":{"line":32,"column":4},"end":{"line":37,"column":7}},"13":{"start":{"line":33,"column":8},"end":{"line":33,"column":29}},"14":{"start":{"line":34,"column":8},"end":{"line":36,"column":9}},"15":{"start":{"line":34,"column":21},"end":{"line":34,"column":66}},"16":{"start":{"line":38,"column":4},"end":{"line":38,"column":75}},"17":{"start":{"line":39,"column":4},"end":{"line":42,"column":5}},"18":{"start":{"line":40,"column":8},"end":{"line":40,"column":71}},"19":{"start":{"line":41,"column":8},"end":{"line":41,"column":34}},"20":{"start":{"line":43,"column":4},"end":{"line":43,"column":60}},"21":{"start":{"line":44,"column":4},"end":{"line":44,"column":44}},"22":{"start":{"line":48,"column":4},"end":{"line":48,"column":27}},"23":{"start":{"line":50,"column":22},"end":{"line":50,"column":81}},"24":{"start":{"line":51,"column":17},"end":{"line":51,"column":39}},"25":{"start":{"line":52,"column":4},"end":{"line":52,"column":51}},"26":{"start":{"line":53,"column":4},"end":{"line":68,"column":7}},"27":{"start":{"line":55,"column":8},"end":{"line":55,"column":26}},"28":{"start":{"line":56,"column":8},"end":{"line":56,"column":46}},"29":{"start":{"line":57,"column":8},"end":{"line":57,"column":37}},"30":{"start":{"line":58,"column":8},"end":{"line":60,"column":11}},"31":{"start":{"line":59,"column":12},"end":{"line":59,"column":101}},"32":{"start":{"line":61,"column":8},"end":{"line":61,"column":34}},"33":{"start":{"line":63,"column":18},"end":{"line":63,"column":86}},"34":{"start":{"line":65,"column":8},"end":{"line":65,"column":98}},"35":{"start":{"line":66,"column":8},"end":{"line":66,"column":23}},"36":{"start":{"line":67,"column":8},"end":{"line":67,"column":26}},"37":{"start":{"line":47,"column":0},"end":{"line":69,"column":1}}},"fnMap":{"0":{"name":"getSettings","decl":{"start":{"line":23,"column":16},"end":{"line":23,"column":27}},"loc":{"start":{"line":23,"column":27},"end":{"line":25,"column":1}}},"1":{"name":"login","decl":{"start":{"line":27,"column":9},"end":{"line":27,"column":14}},"loc":{"start":{"line":27,"column":48},"end":{"line":45,"column":1}}},"2":{"name":"(anonymous_2)","decl":{"start":{"line":28,"column":31},"end":{"line":28,"column":32}},"loc":{"start":{"line":28,"column":65},"end":{"line":31,"column":5}}},"3":{"name":"(anonymous_3)","decl":{"start":{"line":32,"column":31},"end":{"line":32,"column":32}},"loc":{"start":{"line":32,"column":65},"end":{"line":37,"column":5}}},"4":{"name":"start","decl":{"start":{"line":47,"column":16},"end":{"line":47,"column":21}},"loc":{"start":{"line":47,"column":51},"end":{"line":69,"column":1}}},"5":{"name":"(anonymous_5)","decl":{"start":{"line":54,"column":10},"end":{"line":54,"column":11}},"loc":{"start":{"line":54,"column":28},"end":{"line":62,"column":5}}},"6":{"name":"(anonymous_6)","decl":{"start":{"line":58,"column":37},"end":{"line":58,"column":38}},"loc":{"start":{"line":58,"column":50},"end":{"line":60,"column":9}}},"7":{"name":"(anonymous_7)","decl":{"start":{"line":63,"column":10},"end":{"line":63,"column":12}},"loc":{"start":{"line":63,"column":15},"end":{"line":63,"column":88}}},"8":{"name":"(anonymous_8)","decl":{"start":{"line":64,"column":11},"end":{"line":64,"column":12}},"loc":{"start":{"line":64,"column":23},"end":{"line":68,"column":5}}}},"branchMap":{"0":{"loc":{"start":{"line":29,"column":8},"end":{"line":30,"column":56}},"type":"if","locations":[{"start":{"line":29,"column":8},"end":{"line":30,"column":56}},{"start":{"line":29,"column":8},"end":{"line":30,"column":56}}]},"1":{"loc":{"start":{"line":34,"column":8},"end":{"line":36,"column":9}},"type":"if","locations":[{"start":{"line":34,"column":8},"end":{"line":36,"column":9}},{"start":{"line":34,"column":8},"end":{"line":36,"column":9}}]},"2":{"loc":{"start":{"line":39,"column":4},"end":{"line":42,"column":5}},"type":"if","locations":[{"start":{"line":39,"column":4},"end":{"line":42,"column":5}},{"start":{"line":39,"column":4},"end":{"line":42,"column":5}}]},"3":{"loc":{"start":{"line":39,"column":8},"end":{"line":39,"column":39}},"type":"binary-expr","locations":[{"start":{"line":39,"column":8},"end":{"line":39,"column":39}},{"start":{"line":39,"column":43},"end":{"line":39,"column":73}}]}},"s":{"0":1,"1":1,"2":1,"3":1,"4":1,"5":1,"6":0,"7":1,"8":0,"9":0,"10":0,"11":0,"12":0,"13":0,"14":0,"15":0,"16":0,"17":0,"18":0,"19":0,"20":0,"21":0,"22":0,"23":0,"24":0,"25":0,"26":0,"27":0,"28":0,"29":0,"30":0,"31":0,"32":0,"33":0,"34":0,"35":0,"36":0,"37":1},"f":{"0":0,"1":0,"2":0,"3":0,"4":0,"5":0,"6":0,"7":0,"8":0},"b":{"0":[0,0],"1":[0,0],"2":[0,0],"3":[0,0]}}
,"/Users/sth1pal/Documents/Development/JavaScript/nodejs/ts6/dev/hsNode/hsHomeSec/src/node/core/CommandExecution.ts": {"path":"/Users/sth1pal/Documents/Development/JavaScript/nodejs/ts6/dev/hsNode/hsHomeSec/src/node/core/CommandExecution.ts","statementMap":{"0":{"start":{"line":7,"column":0},"end":{"line":7,"column":31}},"1":{"start":{"line":7,"column":46},"end":{"line":7,"column":64}},"2":{"start":{"line":8,"column":0},"end":{"line":8,"column":39}},"3":{"start":{"line":9,"column":0},"end":{"line":9,"column":41}},"4":{"start":{"line":10,"column":0},"end":{"line":10,"column":49}},"5":{"start":{"line":11,"column":0},"end":{"line":11,"column":49}},"6":{"start":{"line":14,"column":0},"end":{"line":14,"column":50}},"7":{"start":{"line":15,"column":0},"end":{"line":15,"column":39}},"8":{"start":{"line":16,"column":0},"end":{"line":16,"column":37}},"9":{"start":{"line":18,"column":11},"end":{"line":18,"column":23}},"10":{"start":{"line":24,"column":26},"end":{"line":24,"column":28}},"11":{"start":{"line":31,"column":4},"end":{"line":31,"column":60}},"12":{"start":{"line":32,"column":4},"end":{"line":41,"column":7}},"13":{"start":{"line":36,"column":18},"end":{"line":36,"column":43}},"14":{"start":{"line":38,"column":8},"end":{"line":38,"column":23}},"15":{"start":{"line":39,"column":21},"end":{"line":39,"column":57}},"16":{"start":{"line":40,"column":8},"end":{"line":40,"column":24}},"17":{"start":{"line":49,"column":45},"end":{"line":49,"column":64}},"18":{"start":{"line":49,"column":0},"end":{"line":49,"column":66}},"19":{"start":{"line":51,"column":13},"end":{"line":55,"column":2}},"20":{"start":{"line":52,"column":21},"end":{"line":52,"column":34}},"21":{"start":{"line":53,"column":14},"end":{"line":53,"column":62}},"22":{"start":{"line":54,"column":4},"end":{"line":54,"column":43}},"23":{"start":{"line":57,"column":13},"end":{"line":67,"column":2}},"24":{"start":{"line":58,"column":4},"end":{"line":66,"column":7}},"25":{"start":{"line":60,"column":8},"end":{"line":60,"column":41}},"26":{"start":{"line":61,"column":8},"end":{"line":65,"column":9}},"27":{"start":{"line":62,"column":12},"end":{"line":62,"column":35}},"28":{"start":{"line":64,"column":12},"end":{"line":64,"column":36}},"29":{"start":{"line":76,"column":20},"end":{"line":83,"column":14}},"30":{"start":{"line":77,"column":8},"end":{"line":83,"column":14}},"31":{"start":{"line":80,"column":31},"end":{"line":80,"column":114}},"32":{"start":{"line":81,"column":16},"end":{"line":81,"column":81}},"33":{"start":{"line":82,"column":16},"end":{"line":82,"column":62}},"34":{"start":{"line":84,"column":8},"end":{"line":84,"column":110}},"35":{"start":{"line":84,"column":83},"end":{"line":84,"column":94}},"36":{"start":{"line":85,"column":22},"end":{"line":86,"column":146}},"37":{"start":{"line":87,"column":4},"end":{"line":87,"column":34}},"38":{"start":{"line":75,"column":0},"end":{"line":88,"column":1}},"39":{"start":{"line":95,"column":13},"end":{"line":102,"column":2}},"40":{"start":{"line":96,"column":27},"end":{"line":96,"column":58}},"41":{"start":{"line":97,"column":24},"end":{"line":97,"column":43}},"42":{"start":{"line":98,"column":4},"end":{"line":101,"column":44}},"43":{"start":{"line":99,"column":16},"end":{"line":99,"column":79}},"44":{"start":{"line":101,"column":16},"end":{"line":101,"column":42}},"45":{"start":{"line":109,"column":13},"end":{"line":114,"column":2}},"46":{"start":{"line":110,"column":17},"end":{"line":110,"column":46}},"47":{"start":{"line":111,"column":4},"end":{"line":111,"column":53}},"48":{"start":{"line":112,"column":4},"end":{"line":113,"column":53}},"49":{"start":{"line":113,"column":24},"end":{"line":113,"column":49}},"50":{"start":{"line":121,"column":13},"end":{"line":124,"column":2}},"51":{"start":{"line":122,"column":4},"end":{"line":123,"column":53}},"52":{"start":{"line":123,"column":24},"end":{"line":123,"column":49}},"53":{"start":{"line":130,"column":13},"end":{"line":145,"column":2}},"54":{"start":{"line":131,"column":21},"end":{"line":131,"column":49}},"55":{"start":{"line":132,"column":20},"end":{"line":132,"column":69}},"56":{"start":{"line":132,"column":56},"end":{"line":132,"column":68}},"57":{"start":{"line":134,"column":4},"end":{"line":144,"column":7}},"58":{"start":{"line":136,"column":12},"end":{"line":138,"column":102}},"59":{"start":{"line":137,"column":24},"end":{"line":137,"column":35}},"60":{"start":{"line":138,"column":33},"end":{"line":138,"column":101}},"61":{"start":{"line":142,"column":8},"end":{"line":142,"column":60}},"62":{"start":{"line":143,"column":8},"end":{"line":143,"column":45}},"63":{"start":{"line":147,"column":13},"end":{"line":160,"column":2}},"64":{"start":{"line":148,"column":20},"end":{"line":148,"column":69}},"65":{"start":{"line":148,"column":56},"end":{"line":148,"column":68}},"66":{"start":{"line":150,"column":4},"end":{"line":159,"column":7}},"67":{"start":{"line":152,"column":12},"end":{"line":153,"column":71}},"68":{"start":{"line":153,"column":33},"end":{"line":153,"column":70}},"69":{"start":{"line":157,"column":8},"end":{"line":157,"column":62}},"70":{"start":{"line":158,"column":8},"end":{"line":158,"column":45}},"71":{"start":{"line":167,"column":13},"end":{"line":172,"column":2}},"72":{"start":{"line":168,"column":25},"end":{"line":169,"column":47}},"73":{"start":{"line":168,"column":48},"end":{"line":168,"column":71}},"74":{"start":{"line":169,"column":32},"end":{"line":169,"column":46}},"75":{"start":{"line":170,"column":4},"end":{"line":171,"column":123}},"76":{"start":{"line":170,"column":60},"end":{"line":170,"column":75}},"77":{"start":{"line":171,"column":18},"end":{"line":171,"column":120}},"78":{"start":{"line":171,"column":76},"end":{"line":171,"column":116}},"79":{"start":{"line":178,"column":13},"end":{"line":183,"column":2}},"80":{"start":{"line":179,"column":14},"end":{"line":179,"column":22}},"81":{"start":{"line":180,"column":4},"end":{"line":180,"column":37}},"82":{"start":{"line":182,"column":4},"end":{"line":182,"column":45}},"83":{"start":{"line":188,"column":13},"end":{"line":191,"column":2}},"84":{"start":{"line":188,"column":65},"end":{"line":191,"column":1}},"85":{"start":{"line":189,"column":4},"end":{"line":189,"column":25}},"86":{"start":{"line":190,"column":4},"end":{"line":190,"column":47}}},"fnMap":{"0":{"name":"armingCall","decl":{"start":{"line":30,"column":9},"end":{"line":30,"column":19}},"loc":{"start":{"line":30,"column":51},"end":{"line":42,"column":1}}},"1":{"name":"(anonymous_7)","decl":{"start":{"line":36,"column":10},"end":{"line":36,"column":12}},"loc":{"start":{"line":36,"column":15},"end":{"line":36,"column":45}}},"2":{"name":"(anonymous_8)","decl":{"start":{"line":37,"column":11},"end":{"line":37,"column":13}},"loc":{"start":{"line":37,"column":17},"end":{"line":41,"column":5}}},"3":{"name":"setSnapshotDir","decl":{"start":{"line":49,"column":16},"end":{"line":49,"column":30}},"loc":{"start":{"line":49,"column":41},"end":{"line":49,"column":66}}},"4":{"name":"(anonymous_10)","decl":{"start":{"line":51,"column":22},"end":{"line":51,"column":50}},"loc":{"start":{"line":51,"column":53},"end":{"line":55,"column":1}}},"5":{"name":"(anonymous_11)","decl":{"start":{"line":57,"column":25},"end":{"line":57,"column":54}},"loc":{"start":{"line":57,"column":57},"end":{"line":67,"column":1}}},"6":{"name":"(anonymous_12)","decl":{"start":{"line":59,"column":10},"end":{"line":59,"column":15}},"loc":{"start":{"line":59,"column":19},"end":{"line":66,"column":5}}},"7":{"name":"snapFn","decl":{"start":{"line":75,"column":22},"end":{"line":75,"column":28}},"loc":{"start":{"line":75,"column":45},"end":{"line":88,"column":1}}},"8":{"name":"(anonymous_15)","decl":{"start":{"line":76,"column":20},"end":{"line":76,"column":21}},"loc":{"start":{"line":77,"column":8},"end":{"line":83,"column":14}}},"9":{"name":"(anonymous_16)","decl":{"start":{"line":79,"column":18},"end":{"line":79,"column":24}},"loc":{"start":{"line":79,"column":28},"end":{"line":83,"column":13}}},"10":{"name":"(anonymous_17)","decl":{"start":{"line":84,"column":80},"end":{"line":84,"column":81}},"loc":{"start":{"line":84,"column":83},"end":{"line":84,"column":94}}},"11":{"name":"(anonymous_18)","decl":{"start":{"line":95,"column":25},"end":{"line":95,"column":26}},"loc":{"start":{"line":95,"column":77},"end":{"line":102,"column":1}}},"12":{"name":"(anonymous_19)","decl":{"start":{"line":99,"column":10},"end":{"line":99,"column":12}},"loc":{"start":{"line":99,"column":16},"end":{"line":99,"column":79}}},"13":{"name":"(anonymous_20)","decl":{"start":{"line":101,"column":10},"end":{"line":101,"column":12}},"loc":{"start":{"line":101,"column":16},"end":{"line":101,"column":42}}},"14":{"name":"(anonymous_21)","decl":{"start":{"line":109,"column":26},"end":{"line":109,"column":27}},"loc":{"start":{"line":109,"column":74},"end":{"line":114,"column":1}}},"15":{"name":"(anonymous_22)","decl":{"start":{"line":113,"column":10},"end":{"line":113,"column":11}},"loc":{"start":{"line":113,"column":21},"end":{"line":113,"column":51}}},"16":{"name":"(anonymous_23)","decl":{"start":{"line":121,"column":21},"end":{"line":121,"column":22}},"loc":{"start":{"line":121,"column":64},"end":{"line":124,"column":1}}},"17":{"name":"(anonymous_24)","decl":{"start":{"line":123,"column":10},"end":{"line":123,"column":11}},"loc":{"start":{"line":123,"column":21},"end":{"line":123,"column":51}}},"18":{"name":"(anonymous_25)","decl":{"start":{"line":130,"column":21},"end":{"line":130,"column":22}},"loc":{"start":{"line":130,"column":67},"end":{"line":145,"column":1}}},"19":{"name":"(anonymous_26)","decl":{"start":{"line":132,"column":51},"end":{"line":132,"column":52}},"loc":{"start":{"line":132,"column":56},"end":{"line":132,"column":68}}},"20":{"name":"(anonymous_27)","decl":{"start":{"line":135,"column":20},"end":{"line":135,"column":21}},"loc":{"start":{"line":136,"column":12},"end":{"line":138,"column":102}}},"21":{"name":"(anonymous_28)","decl":{"start":{"line":137,"column":18},"end":{"line":137,"column":20}},"loc":{"start":{"line":137,"column":24},"end":{"line":137,"column":35}}},"22":{"name":"(anonymous_29)","decl":{"start":{"line":138,"column":18},"end":{"line":138,"column":19}},"loc":{"start":{"line":138,"column":33},"end":{"line":138,"column":101}}},"23":{"name":"(anonymous_30)","decl":{"start":{"line":141,"column":10},"end":{"line":141,"column":11}},"loc":{"start":{"line":141,"column":31},"end":{"line":144,"column":5}}},"24":{"name":"(anonymous_31)","decl":{"start":{"line":147,"column":24},"end":{"line":147,"column":52}},"loc":{"start":{"line":147,"column":55},"end":{"line":160,"column":1}}},"25":{"name":"(anonymous_32)","decl":{"start":{"line":148,"column":51},"end":{"line":148,"column":52}},"loc":{"start":{"line":148,"column":56},"end":{"line":148,"column":68}}},"26":{"name":"(anonymous_33)","decl":{"start":{"line":151,"column":20},"end":{"line":151,"column":21}},"loc":{"start":{"line":152,"column":12},"end":{"line":153,"column":71}}},"27":{"name":"(anonymous_34)","decl":{"start":{"line":153,"column":18},"end":{"line":153,"column":19}},"loc":{"start":{"line":153,"column":33},"end":{"line":153,"column":70}}},"28":{"name":"(anonymous_35)","decl":{"start":{"line":156,"column":10},"end":{"line":156,"column":11}},"loc":{"start":{"line":156,"column":31},"end":{"line":159,"column":5}}},"29":{"name":"(anonymous_36)","decl":{"start":{"line":167,"column":30},"end":{"line":167,"column":31}},"loc":{"start":{"line":167,"column":92},"end":{"line":172,"column":1}}},"30":{"name":"(anonymous_37)","decl":{"start":{"line":168,"column":43},"end":{"line":168,"column":44}},"loc":{"start":{"line":168,"column":48},"end":{"line":168,"column":71}}},"31":{"name":"(anonymous_38)","decl":{"start":{"line":169,"column":16},"end":{"line":169,"column":17}},"loc":{"start":{"line":169,"column":32},"end":{"line":169,"column":46}}},"32":{"name":"(anonymous_39)","decl":{"start":{"line":170,"column":39},"end":{"line":170,"column":40}},"loc":{"start":{"line":170,"column":60},"end":{"line":170,"column":75}}},"33":{"name":"(anonymous_40)","decl":{"start":{"line":171,"column":10},"end":{"line":171,"column":12}},"loc":{"start":{"line":171,"column":15},"end":{"line":171,"column":121}}},"34":{"name":"(anonymous_41)","decl":{"start":{"line":171,"column":53},"end":{"line":171,"column":54}},"loc":{"start":{"line":171,"column":73},"end":{"line":171,"column":117}}},"35":{"name":"(anonymous_42)","decl":{"start":{"line":178,"column":23},"end":{"line":178,"column":24}},"loc":{"start":{"line":178,"column":69},"end":{"line":183,"column":1}}},"36":{"name":"(anonymous_43)","decl":{"start":{"line":188,"column":22},"end":{"line":188,"column":62}},"loc":{"start":{"line":188,"column":65},"end":{"line":191,"column":1}}},"37":{"name":"(anonymous_44)","decl":{"start":{"line":188,"column":65},"end":{"line":null,"column":-1}},"loc":{"start":{"line":188,"column":65},"end":{"line":191,"column":1}}}},"branchMap":{"0":{"loc":{"start":{"line":61,"column":8},"end":{"line":65,"column":9}},"type":"if","locations":[{"start":{"line":61,"column":8},"end":{"line":65,"column":9}},{"start":{"line":61,"column":8},"end":{"line":65,"column":9}}]},"1":{"loc":{"start":{"line":61,"column":12},"end":{"line":61,"column":19}},"type":"binary-expr","locations":[{"start":{"line":61,"column":12},"end":{"line":61,"column":19}},{"start":{"line":61,"column":23},"end":{"line":61,"column":38}}]},"2":{"loc":{"start":{"line":77,"column":25},"end":{"line":77,"column":51}},"type":"cond-expr","locations":[{"start":{"line":77,"column":25},"end":{"line":77,"column":51}},{"start":{"line":78,"column":12},"end":{"line":83,"column":14}}]},"3":{"loc":{"start":{"line":84,"column":34},"end":{"line":84,"column":43}},"type":"cond-expr","locations":[{"start":{"line":84,"column":34},"end":{"line":84,"column":43}},{"start":{"line":84,"column":44},"end":{"line":84,"column":46}}]},"4":{"loc":{"start":{"line":86,"column":54},"end":{"line":86,"column":90}},"type":"cond-expr","locations":[{"start":{"line":86,"column":54},"end":{"line":86,"column":90}},{"start":{"line":86,"column":93},"end":{"line":86,"column":145}}]},"5":{"loc":{"start":{"line":86,"column":9},"end":{"line":86,"column":16}},"type":"binary-expr","locations":[{"start":{"line":86,"column":9},"end":{"line":86,"column":16}},{"start":{"line":86,"column":20},"end":{"line":86,"column":30}},{"start":{"line":86,"column":34},"end":{"line":86,"column":50}}]},"6":{"loc":{"start":{"line":131,"column":21},"end":{"line":131,"column":26}},"type":"binary-expr","locations":[{"start":{"line":131,"column":21},"end":{"line":131,"column":26}},{"start":{"line":131,"column":30},"end":{"line":131,"column":49}}]},"7":{"loc":{"start":{"line":138,"column":53},"end":{"line":138,"column":60}},"type":"cond-expr","locations":[{"start":{"line":138,"column":53},"end":{"line":138,"column":60}},{"start":{"line":138,"column":61},"end":{"line":138,"column":65}}]},"8":{"loc":{"start":{"line":138,"column":84},"end":{"line":138,"column":96}},"type":"cond-expr","locations":[{"start":{"line":138,"column":84},"end":{"line":138,"column":96}},{"start":{"line":138,"column":97},"end":{"line":138,"column":99}}]},"9":{"loc":{"start":{"line":153,"column":53},"end":{"line":153,"column":63}},"type":"cond-expr","locations":[{"start":{"line":153,"column":53},"end":{"line":153,"column":63}},{"start":{"line":153,"column":64},"end":{"line":153,"column":68}}]},"10":{"loc":{"start":{"line":168,"column":33},"end":{"line":168,"column":72}},"type":"cond-expr","locations":[{"start":{"line":168,"column":33},"end":{"line":168,"column":72}},{"start":{"line":168,"column":75},"end":{"line":168,"column":98}}]}},"s":{"0":4,"1":4,"2":4,"3":4,"4":4,"5":4,"6":4,"7":4,"8":4,"9":4,"10":4,"11":1,"12":1,"13":1,"14":0,"15":0,"16":0,"17":1,"18":4,"19":4,"20":1,"21":1,"22":1,"23":4,"24":1,"25":1,"26":1,"27":1,"28":0,"29":3,"30":4,"31":4,"32":4,"33":4,"34":3,"35":6,"36":3,"37":3,"38":4,"39":4,"40":1,"41":1,"42":1,"43":1,"44":1,"45":4,"46":1,"47":1,"48":1,"49":1,"50":4,"51":3,"52":3,"53":4,"54":1,"55":1,"56":2,"57":1,"58":2,"59":2,"60":2,"61":1,"62":1,"63":4,"64":1,"65":2,"66":1,"67":2,"68":2,"69":1,"70":1,"71":4,"72":1,"73":0,"74":2,"75":1,"76":2,"77":1,"78":2,"79":4,"80":2,"81":2,"82":2,"83":4,"84":0,"85":0,"86":0},"f":{"0":1,"1":1,"2":0,"3":1,"4":1,"5":1,"6":1,"7":3,"8":4,"9":4,"10":6,"11":1,"12":1,"13":1,"14":1,"15":1,"16":3,"17":3,"18":1,"19":2,"20":2,"21":2,"22":2,"23":1,"24":1,"25":2,"26":2,"27":2,"28":1,"29":1,"30":0,"31":2,"32":2,"33":1,"34":2,"35":2,"36":0,"37":0},"b":{"0":[1,0],"1":[1,0],"2":[0,4],"3":[2,1],"4":[1,2],"5":[3,2,2],"6":[1,1],"7":[2,0],"8":[2,0],"9":[2,0],"10":[0,1]}}
,"/Users/sth1pal/Documents/Development/JavaScript/nodejs/ts6/dev/hsNode/hsHomeSec/src/node/core/CommandReceiver.ts": {"path":"/Users/sth1pal/Documents/Development/JavaScript/nodejs/ts6/dev/hsNode/hsHomeSec/src/node/core/CommandReceiver.ts","statementMap":{"0":{"start":{"line":4,"column":0},"end":{"line":4,"column":37}},"1":{"start":{"line":4,"column":52},"end":{"line":4,"column":68}},"2":{"start":{"line":5,"column":0},"end":{"line":5,"column":49}},"3":{"start":{"line":6,"column":0},"end":{"line":6,"column":47}},"4":{"start":{"line":7,"column":0},"end":{"line":7,"column":47}},"5":{"start":{"line":8,"column":0},"end":{"line":8,"column":47}},"6":{"start":{"line":9,"column":0},"end":{"line":9,"column":47}},"7":{"start":{"line":31,"column":29},"end":{"line":31,"column":31}},"8":{"start":{"line":40,"column":27},"end":{"line":40,"column":41}},"9":{"start":{"line":41,"column":4},"end":{"line":54,"column":5}},"10":{"start":{"line":42,"column":8},"end":{"line":42,"column":100}},"11":{"start":{"line":43,"column":8},"end":{"line":46,"column":81}},"12":{"start":{"line":44,"column":12},"end":{"line":44,"column":44}},"13":{"start":{"line":46,"column":21},"end":{"line":46,"column":79}},"14":{"start":{"line":48,"column":8},"end":{"line":48,"column":53}},"15":{"start":{"line":49,"column":8},"end":{"line":53,"column":11}},"16":{"start":{"line":51,"column":12},"end":{"line":51,"column":61}},"17":{"start":{"line":52,"column":12},"end":{"line":52,"column":34}},"18":{"start":{"line":58,"column":4},"end":{"line":58,"column":89}},"19":{"start":{"line":59,"column":4},"end":{"line":67,"column":5}},"20":{"start":{"line":60,"column":8},"end":{"line":63,"column":11}},"21":{"start":{"line":65,"column":8},"end":{"line":65,"column":75}},"22":{"start":{"line":66,"column":8},"end":{"line":66,"column":33}},"23":{"start":{"line":71,"column":24},"end":{"line":71,"column":38}},"24":{"start":{"line":72,"column":4},"end":{"line":72,"column":25}},"25":{"start":{"line":73,"column":4},"end":{"line":73,"column":24}},"26":{"start":{"line":74,"column":4},"end":{"line":75,"column":69}},"27":{"start":{"line":75,"column":35},"end":{"line":75,"column":67}},"28":{"start":{"line":70,"column":0},"end":{"line":76,"column":1}},"29":{"start":{"line":85,"column":13},"end":{"line":90,"column":2}},"30":{"start":{"line":86,"column":4},"end":{"line":86,"column":39}},"31":{"start":{"line":87,"column":22},"end":{"line":87,"column":70}},"32":{"start":{"line":88,"column":4},"end":{"line":88,"column":24}},"33":{"start":{"line":89,"column":4},"end":{"line":89,"column":25}},"34":{"start":{"line":97,"column":13},"end":{"line":100,"column":2}},"35":{"start":{"line":98,"column":4},"end":{"line":98,"column":41}},"36":{"start":{"line":99,"column":4},"end":{"line":99,"column":71}},"37":{"start":{"line":99,"column":33},"end":{"line":99,"column":69}},"38":{"start":{"line":123,"column":24},"end":{"line":123,"column":33}},"39":{"start":{"line":120,"column":12},"end":{"line":120,"column":46}},"40":{"start":{"line":121,"column":12},"end":{"line":121,"column":28}},"41":{"start":{"line":124,"column":8},"end":{"line":124,"column":50}},"42":{"start":{"line":125,"column":8},"end":{"line":125,"column":65}},"43":{"start":{"line":129,"column":21},"end":{"line":129,"column":41}},"44":{"start":{"line":130,"column":8},"end":{"line":130,"column":41}},"45":{"start":{"line":131,"column":8},"end":{"line":133,"column":63}},"46":{"start":{"line":133,"column":20},"end":{"line":133,"column":61}},"47":{"start":{"line":137,"column":8},"end":{"line":137,"column":68}},"48":{"start":{"line":138,"column":8},"end":{"line":153,"column":12}},"49":{"start":{"line":138,"column":40},"end":{"line":153,"column":10}},"50":{"start":{"line":139,"column":12},"end":{"line":152,"column":13}},"51":{"start":{"line":140,"column":16},"end":{"line":140,"column":53}},"52":{"start":{"line":141,"column":16},"end":{"line":141,"column":46}},"53":{"start":{"line":141,"column":37},"end":{"line":141,"column":44}},"54":{"start":{"line":142,"column":29},"end":{"line":142,"column":54}},"55":{"start":{"line":143,"column":29},"end":{"line":143,"column":52}},"56":{"start":{"line":144,"column":16},"end":{"line":149,"column":17}},"57":{"start":{"line":145,"column":20},"end":{"line":145,"column":101}},"58":{"start":{"line":146,"column":20},"end":{"line":146,"column":66}},"59":{"start":{"line":148,"column":20},"end":{"line":148,"column":97}},"60":{"start":{"line":151,"column":16},"end":{"line":151,"column":114}},"61":{"start":{"line":154,"column":8},"end":{"line":154,"column":32}},"62":{"start":{"line":155,"column":8},"end":{"line":155,"column":30}},"63":{"start":{"line":159,"column":19},"end":{"line":159,"column":45}},"64":{"start":{"line":160,"column":8},"end":{"line":160,"column":110}},"65":{"start":{"line":160,"column":51},"end":{"line":160,"column":107}},"66":{"start":{"line":160,"column":80},"end":{"line":160,"column":105}},"67":{"start":{"line":119,"column":0},"end":{"line":162,"column":1}}},"fnMap":{"0":{"name":"interpretCommand","decl":{"start":{"line":39,"column":9},"end":{"line":39,"column":25}},"loc":{"start":{"line":39,"column":64},"end":{"line":55,"column":1}}},"1":{"name":"(anonymous_1)","decl":{"start":{"line":50,"column":15},"end":{"line":50,"column":17}},"loc":{"start":{"line":50,"column":21},"end":{"line":53,"column":9}}},"2":{"name":"informSender","decl":{"start":{"line":57,"column":9},"end":{"line":57,"column":21}},"loc":{"start":{"line":57,"column":60},"end":{"line":68,"column":1}}},"3":{"name":"processCommand","decl":{"start":{"line":70,"column":16},"end":{"line":70,"column":30}},"loc":{"start":{"line":70,"column":52},"end":{"line":76,"column":1}}},"4":{"name":"(anonymous_4)","decl":{"start":{"line":75,"column":14},"end":{"line":75,"column":15}},"loc":{"start":{"line":75,"column":35},"end":{"line":75,"column":67}}},"5":{"name":"(anonymous_5)","decl":{"start":{"line":85,"column":26},"end":{"line":85,"column":27}},"loc":{"start":{"line":85,"column":73},"end":{"line":90,"column":1}}},"6":{"name":"(anonymous_6)","decl":{"start":{"line":97,"column":27},"end":{"line":97,"column":29}},"loc":{"start":{"line":97,"column":32},"end":{"line":100,"column":1}}},"7":{"name":"(anonymous_7)","decl":{"start":{"line":99,"column":26},"end":{"line":99,"column":27}},"loc":{"start":{"line":99,"column":33},"end":{"line":99,"column":69}}},"8":{"name":"(anonymous_8)","decl":{"start":{"line":123,"column":4},"end":{"line":123,"column":23}},"loc":{"start":{"line":123,"column":33},"end":{"line":126,"column":5}}},"9":{"name":"(anonymous_9)","decl":{"start":{"line":128,"column":12},"end":{"line":128,"column":15}},"loc":{"start":{"line":128,"column":16},"end":{"line":134,"column":5}}},"10":{"name":"(anonymous_10)","decl":{"start":{"line":133,"column":14},"end":{"line":133,"column":16}},"loc":{"start":{"line":133,"column":20},"end":{"line":133,"column":61}}},"11":{"name":"(anonymous_11)","decl":{"start":{"line":136,"column":12},"end":{"line":136,"column":23}},"loc":{"start":{"line":136,"column":37},"end":{"line":156,"column":5}}},"12":{"name":"(anonymous_12)","decl":{"start":{"line":138,"column":25},"end":{"line":138,"column":26}},"loc":{"start":{"line":138,"column":40},"end":{"line":153,"column":10}}},"13":{"name":"(anonymous_13)","decl":{"start":{"line":138,"column":63},"end":{"line":138,"column":64}},"loc":{"start":{"line":138,"column":77},"end":{"line":153,"column":9}}},"14":{"name":"(anonymous_14)","decl":{"start":{"line":158,"column":12},"end":{"line":158,"column":27}},"loc":{"start":{"line":158,"column":28},"end":{"line":161,"column":5}}},"15":{"name":"(anonymous_15)","decl":{"start":{"line":160,"column":44},"end":{"line":160,"column":45}},"loc":{"start":{"line":160,"column":48},"end":{"line":160,"column":108}}}},"branchMap":{"0":{"loc":{"start":{"line":41,"column":4},"end":{"line":54,"column":5}},"type":"if","locations":[{"start":{"line":41,"column":4},"end":{"line":54,"column":5}},{"start":{"line":41,"column":4},"end":{"line":54,"column":5}}]},"1":{"loc":{"start":{"line":59,"column":4},"end":{"line":67,"column":5}},"type":"if","locations":[{"start":{"line":59,"column":4},"end":{"line":67,"column":5}},{"start":{"line":59,"column":4},"end":{"line":67,"column":5}}]},"2":{"loc":{"start":{"line":62,"column":28},"end":{"line":62,"column":43}},"type":"binary-expr","locations":[{"start":{"line":62,"column":28},"end":{"line":62,"column":43}},{"start":{"line":62,"column":47},"end":{"line":62,"column":49}}]},"3":{"loc":{"start":{"line":139,"column":12},"end":{"line":152,"column":13}},"type":"if","locations":[{"start":{"line":139,"column":12},"end":{"line":152,"column":13}},{"start":{"line":139,"column":12},"end":{"line":152,"column":13}}]},"4":{"loc":{"start":{"line":141,"column":16},"end":{"line":141,"column":46}},"type":"if","locations":[{"start":{"line":141,"column":16},"end":{"line":141,"column":46}},{"start":{"line":141,"column":16},"end":{"line":141,"column":46}}]},"5":{"loc":{"start":{"line":144,"column":16},"end":{"line":149,"column":17}},"type":"if","locations":[{"start":{"line":144,"column":16},"end":{"line":149,"column":17}},{"start":{"line":144,"column":16},"end":{"line":149,"column":17}}]},"6":{"loc":{"start":{"line":160,"column":51},"end":{"line":160,"column":107}},"type":"if","locations":[{"start":{"line":160,"column":51},"end":{"line":160,"column":107}},{"start":{"line":160,"column":51},"end":{"line":160,"column":107}}]}},"s":{"0":4,"1":4,"2":4,"3":4,"4":4,"5":4,"6":4,"7":4,"8":3,"9":3,"10":1,"11":1,"12":1,"13":0,"14":2,"15":2,"16":0,"17":0,"18":3,"19":3,"20":3,"21":0,"22":0,"23":3,"24":3,"25":3,"26":3,"27":3,"28":4,"29":4,"30":12,"31":12,"32":12,"33":12,"34":4,"35":4,"36":4,"37":23,"38":1,"39":1,"40":1,"41":1,"42":1,"43":0,"44":0,"45":0,"46":0,"47":0,"48":0,"49":0,"50":0,"51":0,"52":0,"53":0,"54":0,"55":0,"56":0,"57":0,"58":0,"59":0,"60":0,"61":0,"62":0,"63":0,"64":0,"65":0,"66":0,"67":4},"f":{"0":3,"1":0,"2":3,"3":3,"4":3,"5":12,"6":4,"7":23,"8":1,"9":0,"10":0,"11":0,"12":0,"13":0,"14":0,"15":0},"b":{"0":[1,2],"1":[3,0],"2":[3,2],"3":[0,0],"4":[0,0],"5":[0,0],"6":[0,0]}}
,"/Users/sth1pal/Documents/Development/JavaScript/nodejs/ts6/dev/hsNode/hsHomeSec/src/node/core/Init.ts": {"path":"/Users/sth1pal/Documents/Development/JavaScript/nodejs/ts6/dev/hsNode/hsHomeSec/src/node/core/Init.ts","statementMap":{"0":{"start":{"line":1,"column":0},"end":{"line":1,"column":37}},"1":{"start":{"line":1,"column":52},"end":{"line":1,"column":68}},"2":{"start":{"line":2,"column":0},"end":{"line":2,"column":47}},"3":{"start":{"line":3,"column":0},"end":{"line":3,"column":49}},"4":{"start":{"line":4,"column":0},"end":{"line":4,"column":48}},"5":{"start":{"line":5,"column":0},"end":{"line":5,"column":49}},"6":{"start":{"line":7,"column":0},"end":{"line":7,"column":47}},"7":{"start":{"line":8,"column":0},"end":{"line":10,"column":47}},"8":{"start":{"line":12,"column":13},"end":{"line":12,"column":41}},"9":{"start":{"line":14,"column":13},"end":{"line":26,"column":2}},"10":{"start":{"line":29,"column":4},"end":{"line":29,"column":65}},"11":{"start":{"line":29,"column":21},"end":{"line":29,"column":63}},"12":{"start":{"line":30,"column":4},"end":{"line":30,"column":61}},"13":{"start":{"line":34,"column":4},"end":{"line":38,"column":7}},"14":{"start":{"line":35,"column":8},"end":{"line":35,"column":67}},"15":{"start":{"line":35,"column":39},"end":{"line":35,"column":65}},"16":{"start":{"line":36,"column":8},"end":{"line":36,"column":69}},"17":{"start":{"line":36,"column":39},"end":{"line":36,"column":67}},"18":{"start":{"line":37,"column":8},"end":{"line":37,"column":50}},"19":{"start":{"line":43,"column":17},"end":{"line":43,"column":37}},"20":{"start":{"line":44,"column":17},"end":{"line":44,"column":36}},"21":{"start":{"line":45,"column":4},"end":{"line":59,"column":6}},"22":{"start":{"line":45,"column":22},"end":{"line":59,"column":5}},"23":{"start":{"line":46,"column":23},"end":{"line":46,"column":72}},"24":{"start":{"line":47,"column":8},"end":{"line":47,"column":52}},"25":{"start":{"line":48,"column":8},"end":{"line":48,"column":52}},"26":{"start":{"line":49,"column":8},"end":{"line":58,"column":9}},"27":{"start":{"line":50,"column":12},"end":{"line":50,"column":59}},"28":{"start":{"line":52,"column":12},"end":{"line":52,"column":76}},"29":{"start":{"line":53,"column":12},"end":{"line":53,"column":55}},"30":{"start":{"line":54,"column":12},"end":{"line":54,"column":55}},"31":{"start":{"line":55,"column":29},"end":{"line":55,"column":93}},"32":{"start":{"line":56,"column":12},"end":{"line":56,"column":62}},"33":{"start":{"line":57,"column":12},"end":{"line":57,"column":62}},"34":{"start":{"line":63,"column":4},"end":{"line":63,"column":63}},"35":{"start":{"line":63,"column":48},"end":{"line":63,"column":61}},"36":{"start":{"line":69,"column":13},"end":{"line":78,"column":2}},"37":{"start":{"line":70,"column":4},"end":{"line":70,"column":79}},"38":{"start":{"line":71,"column":4},"end":{"line":71,"column":52}},"39":{"start":{"line":71,"column":31},"end":{"line":71,"column":50}},"40":{"start":{"line":72,"column":4},"end":{"line":72,"column":56}},"41":{"start":{"line":73,"column":4},"end":{"line":73,"column":28}},"42":{"start":{"line":74,"column":4},"end":{"line":74,"column":18}},"43":{"start":{"line":75,"column":4},"end":{"line":75,"column":32}},"44":{"start":{"line":76,"column":4},"end":{"line":76,"column":40}},"45":{"start":{"line":77,"column":4},"end":{"line":77,"column":20}},"46":{"start":{"line":80,"column":13},"end":{"line":83,"column":2}},"47":{"start":{"line":81,"column":4},"end":{"line":81,"column":81}},"48":{"start":{"line":82,"column":4},"end":{"line":82,"column":20}},"49":{"start":{"line":85,"column":13},"end":{"line":90,"column":2}},"50":{"start":{"line":86,"column":4},"end":{"line":86,"column":70}},"51":{"start":{"line":87,"column":4},"end":{"line":87,"column":74}},"52":{"start":{"line":87,"column":48},"end":{"line":87,"column":72}},"53":{"start":{"line":88,"column":4},"end":{"line":88,"column":95}},"54":{"start":{"line":88,"column":68},"end":{"line":88,"column":79}},"55":{"start":{"line":89,"column":4},"end":{"line":89,"column":20}},"56":{"start":{"line":93,"column":27},"end":{"line":93,"column":28}},"57":{"start":{"line":94,"column":25},"end":{"line":94,"column":27}},"58":{"start":{"line":95,"column":4},"end":{"line":97,"column":5}},"59":{"start":{"line":96,"column":8},"end":{"line":96,"column":68}},"60":{"start":{"line":98,"column":4},"end":{"line":98,"column":57}},"61":{"start":{"line":99,"column":4},"end":{"line":99,"column":41}},"62":{"start":{"line":92,"column":0},"end":{"line":100,"column":1}}},"fnMap":{"0":{"name":"addCommands","decl":{"start":{"line":28,"column":9},"end":{"line":28,"column":20}},"loc":{"start":{"line":28,"column":20},"end":{"line":31,"column":1}}},"1":{"name":"(anonymous_7)","decl":{"start":{"line":29,"column":16},"end":{"line":29,"column":17}},"loc":{"start":{"line":29,"column":21},"end":{"line":29,"column":63}}},"2":{"name":"createDevices","decl":{"start":{"line":33,"column":9},"end":{"line":33,"column":22}},"loc":{"start":{"line":33,"column":43},"end":{"line":39,"column":1}}},"3":{"name":"(anonymous_9)","decl":{"start":{"line":34,"column":25},"end":{"line":34,"column":26}},"loc":{"start":{"line":34,"column":48},"end":{"line":38,"column":5}}},"4":{"name":"wifiCheck","decl":{"start":{"line":42,"column":9},"end":{"line":42,"column":18}},"loc":{"start":{"line":42,"column":39},"end":{"line":60,"column":1}}},"5":{"name":"(anonymous_11)","decl":{"start":{"line":45,"column":11},"end":{"line":45,"column":19}},"loc":{"start":{"line":45,"column":22},"end":{"line":59,"column":5}}},"6":{"name":"(anonymous_12)","decl":{"start":{"line":45,"column":22},"end":{"line":null,"column":-1}},"loc":{"start":{"line":45,"column":22},"end":{"line":59,"column":5}}},"7":{"name":"setDevicesTime","decl":{"start":{"line":62,"column":9},"end":{"line":62,"column":23}},"loc":{"start":{"line":62,"column":23},"end":{"line":64,"column":1}}},"8":{"name":"(anonymous_14)","decl":{"start":{"line":63,"column":32},"end":{"line":63,"column":33}},"loc":{"start":{"line":63,"column":48},"end":{"line":63,"column":61}}},"9":{"name":"(anonymous_15)","decl":{"start":{"line":69,"column":35},"end":{"line":69,"column":36}},"loc":{"start":{"line":69,"column":72},"end":{"line":78,"column":1}}},"10":{"name":"(anonymous_16)","decl":{"start":{"line":71,"column":23},"end":{"line":71,"column":26}},"loc":{"start":{"line":71,"column":31},"end":{"line":71,"column":50}}},"11":{"name":"(anonymous_17)","decl":{"start":{"line":80,"column":43},"end":{"line":80,"column":44}},"loc":{"start":{"line":80,"column":80},"end":{"line":83,"column":1}}},"12":{"name":"(anonymous_18)","decl":{"start":{"line":85,"column":27},"end":{"line":85,"column":28}},"loc":{"start":{"line":85,"column":64},"end":{"line":90,"column":1}}},"13":{"name":"(anonymous_19)","decl":{"start":{"line":87,"column":32},"end":{"line":87,"column":33}},"loc":{"start":{"line":87,"column":48},"end":{"line":87,"column":72}}},"14":{"name":"(anonymous_20)","decl":{"start":{"line":88,"column":65},"end":{"line":88,"column":66}},"loc":{"start":{"line":88,"column":68},"end":{"line":88,"column":79}}},"15":{"name":"startScheduledTasks","decl":{"start":{"line":92,"column":16},"end":{"line":92,"column":35}},"loc":{"start":{"line":92,"column":56},"end":{"line":100,"column":1}}}},"branchMap":{"0":{"loc":{"start":{"line":35,"column":8},"end":{"line":35,"column":67}},"type":"if","locations":[{"start":{"line":35,"column":8},"end":{"line":35,"column":67}},{"start":{"line":35,"column":8},"end":{"line":35,"column":67}}]},"1":{"loc":{"start":{"line":36,"column":8},"end":{"line":36,"column":69}},"type":"if","locations":[{"start":{"line":36,"column":8},"end":{"line":36,"column":69}},{"start":{"line":36,"column":8},"end":{"line":36,"column":69}}]},"2":{"loc":{"start":{"line":49,"column":8},"end":{"line":58,"column":9}},"type":"if","locations":[{"start":{"line":49,"column":8},"end":{"line":58,"column":9}},{"start":{"line":49,"column":8},"end":{"line":58,"column":9}}]},"3":{"loc":{"start":{"line":95,"column":4},"end":{"line":97,"column":5}},"type":"if","locations":[{"start":{"line":95,"column":4},"end":{"line":97,"column":5}},{"start":{"line":95,"column":4},"end":{"line":97,"column":5}}]},"4":{"loc":{"start":{"line":95,"column":8},"end":{"line":95,"column":28}},"type":"binary-expr","locations":[{"start":{"line":95,"column":8},"end":{"line":95,"column":28}},{"start":{"line":95,"column":32},"end":{"line":95,"column":51}}]}},"s":{"0":1,"1":1,"2":1,"3":1,"4":1,"5":1,"6":1,"7":1,"8":1,"9":1,"10":1,"11":11,"12":1,"13":1,"14":2,"15":1,"16":2,"17":1,"18":2,"19":0,"20":0,"21":0,"22":0,"23":0,"24":0,"25":0,"26":0,"27":0,"28":0,"29":0,"30":0,"31":0,"32":0,"33":0,"34":0,"35":0,"36":1,"37":1,"38":1,"39":1,"40":1,"41":1,"42":1,"43":1,"44":1,"45":1,"46":1,"47":0,"48":0,"49":1,"50":0,"51":0,"52":0,"53":0,"54":0,"55":0,"56":0,"57":0,"58":0,"59":0,"60":0,"61":0,"62":1},"f":{"0":1,"1":11,"2":1,"3":2,"4":0,"5":0,"6":0,"7":0,"8":0,"9":1,"10":1,"11":0,"12":0,"13":0,"14":0,"15":0},"b":{"0":[1,1],"1":[1,1],"2":[0,0],"3":[0,0],"4":[0,0]}}
,"/Users/sth1pal/Documents/Development/JavaScript/nodejs/ts6/dev/hsNode/hsHomeSec/src/node/core/alarm.ts": {"path":"/Users/sth1pal/Documents/Development/JavaScript/nodejs/ts6/dev/hsNode/hsHomeSec/src/node/core/alarm.ts","statementMap":{"0":{"start":{"line":1,"column":0},"end":{"line":1,"column":37}},"1":{"start":{"line":1,"column":52},"end":{"line":1,"column":65}},"2":{"start":{"line":2,"column":0},"end":{"line":2,"column":47}},"3":{"start":{"line":3,"column":0},"end":{"line":3,"column":47}},"4":{"start":{"line":4,"column":0},"end":{"line":4,"column":49}},"5":{"start":{"line":5,"column":0},"end":{"line":5,"column":35}},"6":{"start":{"line":8,"column":16},"end":{"line":8,"column":18}},"7":{"start":{"line":11,"column":4},"end":{"line":11,"column":35}},"8":{"start":{"line":12,"column":4},"end":{"line":12,"column":20}},"9":{"start":{"line":10,"column":0},"end":{"line":13,"column":1}},"10":{"start":{"line":16,"column":4},"end":{"line":16,"column":52}},"11":{"start":{"line":17,"column":4},"end":{"line":17,"column":23}},"12":{"start":{"line":18,"column":16},"end":{"line":18,"column":38}},"13":{"start":{"line":19,"column":4},"end":{"line":23,"column":5}},"14":{"start":{"line":20,"column":8},"end":{"line":20,"column":59}},"15":{"start":{"line":15,"column":0},"end":{"line":24,"column":1}}},"fnMap":{"0":{"name":"setAlarmText","decl":{"start":{"line":10,"column":16},"end":{"line":10,"column":28}},"loc":{"start":{"line":10,"column":49},"end":{"line":13,"column":1}}},"1":{"name":"raiseAlarm","decl":{"start":{"line":15,"column":16},"end":{"line":15,"column":26}},"loc":{"start":{"line":15,"column":42},"end":{"line":24,"column":1}}}},"branchMap":{"0":{"loc":{"start":{"line":19,"column":4},"end":{"line":23,"column":5}},"type":"if","locations":[{"start":{"line":19,"column":4},"end":{"line":23,"column":5}},{"start":{"line":19,"column":4},"end":{"line":23,"column":5}}]},"1":{"loc":{"start":{"line":19,"column":8},"end":{"line":19,"column":21}},"type":"binary-expr","locations":[{"start":{"line":19,"column":8},"end":{"line":19,"column":21}},{"start":{"line":19,"column":25},"end":{"line":19,"column":38}}]}},"s":{"0":2,"1":2,"2":2,"3":2,"4":2,"5":2,"6":2,"7":1,"8":1,"9":2,"10":0,"11":0,"12":0,"13":0,"14":0,"15":2},"f":{"0":1,"1":0},"b":{"0":[0,0],"1":[0,0]}}
,"/Users/sth1pal/Documents/Development/JavaScript/nodejs/ts6/dev/hsNode/hsHomeSec/src/node/device/Device.ts": {"path":"/Users/sth1pal/Documents/Development/JavaScript/nodejs/ts6/dev/hsNode/hsHomeSec/src/node/device/Device.ts","statementMap":{"0":{"start":{"line":2,"column":0},"end":{"line":2,"column":38}},"1":{"start":{"line":3,"column":0},"end":{"line":3,"column":31}},"2":{"start":{"line":3,"column":46},"end":{"line":3,"column":64}},"3":{"start":{"line":4,"column":0},"end":{"line":4,"column":41}},"4":{"start":{"line":8,"column":11},"end":{"line":8,"column":23}},"5":{"start":{"line":113,"column":34},"end":{"line":113,"column":47}},"6":{"start":{"line":114,"column":34},"end":{"line":114,"column":47}},"7":{"start":{"line":115,"column":34},"end":{"line":115,"column":47}},"8":{"start":{"line":116,"column":34},"end":{"line":116,"column":47}},"9":{"start":{"line":120,"column":8},"end":{"line":120,"column":39}},"10":{"start":{"line":121,"column":8},"end":{"line":121,"column":35}},"11":{"start":{"line":122,"column":8},"end":{"line":122,"column":77}},"12":{"start":{"line":128,"column":8},"end":{"line":128,"column":29}},"13":{"start":{"line":132,"column":8},"end":{"line":132,"column":34}},"14":{"start":{"line":109,"column":0},"end":{"line":135,"column":1}},"15":{"start":{"line":142,"column":8},"end":{"line":142,"column":32}},"16":{"start":{"line":138,"column":12},"end":{"line":138,"column":32}},"17":{"start":{"line":139,"column":14},"end":{"line":139,"column":32}},"18":{"start":{"line":143,"column":8},"end":{"line":143,"column":70}},"19":{"start":{"line":143,"column":45},"end":{"line":143,"column":68}},"20":{"start":{"line":147,"column":8},"end":{"line":147,"column":41}},"21":{"start":{"line":148,"column":8},"end":{"line":148,"column":86}},"22":{"start":{"line":149,"column":8},"end":{"line":149,"column":31}},"23":{"start":{"line":150,"column":8},"end":{"line":150,"column":29}},"24":{"start":{"line":153,"column":26},"end":{"line":153,"column":38}},"25":{"start":{"line":154,"column":26},"end":{"line":154,"column":38}},"26":{"start":{"line":155,"column":26},"end":{"line":155,"column":44}},"27":{"start":{"line":156,"column":26},"end":{"line":156,"column":39}},"28":{"start":{"line":164,"column":8},"end":{"line":168,"column":11}},"29":{"start":{"line":165,"column":12},"end":{"line":165,"column":42}},"30":{"start":{"line":166,"column":12},"end":{"line":166,"column":104}},"31":{"start":{"line":167,"column":12},"end":{"line":167,"column":21}},"32":{"start":{"line":172,"column":8},"end":{"line":172,"column":58}},"33":{"start":{"line":185,"column":43},"end":{"line":185,"column":68}},"34":{"start":{"line":225,"column":8},"end":{"line":225,"column":40}},"35":{"start":{"line":226,"column":8},"end":{"line":227,"column":26}},"36":{"start":{"line":227,"column":20},"end":{"line":227,"column":24}},"37":{"start":{"line":231,"column":8},"end":{"line":231,"column":28}},"38":{"start":{"line":240,"column":25},"end":{"line":240,"column":43}},"39":{"start":{"line":241,"column":20},"end":{"line":241,"column":77}},"40":{"start":{"line":242,"column":8},"end":{"line":242,"column":67}},"41":{"start":{"line":243,"column":8},"end":{"line":252,"column":50}},"42":{"start":{"line":245,"column":16},"end":{"line":245,"column":110}},"43":{"start":{"line":246,"column":16},"end":{"line":249,"column":17}},"44":{"start":{"line":247,"column":20},"end":{"line":247,"column":51}},"45":{"start":{"line":248,"column":20},"end":{"line":248,"column":81}},"46":{"start":{"line":250,"column":16},"end":{"line":250,"column":25}},"47":{"start":{"line":137,"column":0},"end":{"line":254,"column":1}},"48":{"start":{"line":259,"column":25},"end":{"line":259,"column":45}},"49":{"start":{"line":260,"column":8},"end":{"line":260,"column":65}},"50":{"start":{"line":260,"column":30},"end":{"line":260,"column":63}},"51":{"start":{"line":261,"column":8},"end":{"line":261,"column":65}},"52":{"start":{"line":261,"column":30},"end":{"line":261,"column":63}},"53":{"start":{"line":262,"column":8},"end":{"line":262,"column":65}},"54":{"start":{"line":262,"column":30},"end":{"line":262,"column":63}},"55":{"start":{"line":263,"column":8},"end":{"line":263,"column":57}},"56":{"start":{"line":264,"column":8},"end":{"line":264,"column":37}},"57":{"start":{"line":266,"column":8},"end":{"line":266,"column":48}},"58":{"start":{"line":267,"column":8},"end":{"line":267,"column":76}},"59":{"start":{"line":267,"column":40},"end":{"line":267,"column":75}},"60":{"start":{"line":268,"column":8},"end":{"line":268,"column":48}},"61":{"start":{"line":272,"column":8},"end":{"line":272,"column":37}},"62":{"start":{"line":277,"column":8},"end":{"line":277,"column":34}},"63":{"start":{"line":257,"column":19},"end":{"line":257,"column":39}},"64":{"start":{"line":256,"column":0},"end":{"line":279,"column":1}}},"fnMap":{"0":{"name":"(anonymous_6)","decl":{"start":{"line":113,"column":4},"end":{"line":113,"column":11}},"loc":{"start":{"line":113,"column":12},"end":{"line":113,"column":49}}},"1":{"name":"(anonymous_7)","decl":{"start":{"line":114,"column":4},"end":{"line":114,"column":11}},"loc":{"start":{"line":114,"column":12},"end":{"line":114,"column":49}}},"2":{"name":"(anonymous_8)","decl":{"start":{"line":115,"column":4},"end":{"line":115,"column":11}},"loc":{"start":{"line":115,"column":12},"end":{"line":115,"column":49}}},"3":{"name":"(anonymous_9)","decl":{"start":{"line":116,"column":4},"end":{"line":116,"column":17}},"loc":{"start":{"line":116,"column":18},"end":{"line":116,"column":49}}},"4":{"name":"(anonymous_10)","decl":{"start":{"line":119,"column":4},"end":{"line":119,"column":15}},"loc":{"start":{"line":119,"column":68},"end":{"line":123,"column":5}}},"5":{"name":"(anonymous_11)","decl":{"start":{"line":125,"column":10},"end":{"line":125,"column":19}},"loc":{"start":{"line":125,"column":41},"end":{"line":125,"column":45}}},"6":{"name":"(anonymous_13)","decl":{"start":{"line":127,"column":4},"end":{"line":127,"column":14}},"loc":{"start":{"line":127,"column":15},"end":{"line":129,"column":5}}},"7":{"name":"(anonymous_14)","decl":{"start":{"line":131,"column":4},"end":{"line":131,"column":10}},"loc":{"start":{"line":131,"column":11},"end":{"line":133,"column":5}}},"8":{"name":"(anonymous_15)","decl":{"start":{"line":141,"column":4},"end":{"line":141,"column":15}},"loc":{"start":{"line":141,"column":60},"end":{"line":144,"column":5}}},"9":{"name":"(anonymous_16)","decl":{"start":{"line":146,"column":10},"end":{"line":146,"column":19}},"loc":{"start":{"line":146,"column":41},"end":{"line":151,"column":5}}},"10":{"name":"(anonymous_19)","decl":{"start":{"line":153,"column":4},"end":{"line":153,"column":11}},"loc":{"start":{"line":153,"column":12},"end":{"line":153,"column":40}}},"11":{"name":"(anonymous_20)","decl":{"start":{"line":154,"column":4},"end":{"line":154,"column":11}},"loc":{"start":{"line":154,"column":12},"end":{"line":154,"column":40}}},"12":{"name":"(anonymous_21)","decl":{"start":{"line":155,"column":4},"end":{"line":155,"column":10}},"loc":{"start":{"line":155,"column":11},"end":{"line":155,"column":46}}},"13":{"name":"(anonymous_22)","decl":{"start":{"line":156,"column":4},"end":{"line":156,"column":9}},"loc":{"start":{"line":156,"column":10},"end":{"line":156,"column":41}}},"14":{"name":"(anonymous_23)","decl":{"start":{"line":163,"column":4},"end":{"line":163,"column":18}},"loc":{"start":{"line":163,"column":33},"end":{"line":169,"column":5}}},"15":{"name":"(anonymous_24)","decl":{"start":{"line":164,"column":40},"end":{"line":164,"column":41}},"loc":{"start":{"line":164,"column":53},"end":{"line":168,"column":9}}},"16":{"name":"(anonymous_25)","decl":{"start":{"line":171,"column":4},"end":{"line":171,"column":18}},"loc":{"start":{"line":171,"column":19},"end":{"line":173,"column":5}}},"17":{"name":"(anonymous_26)","decl":{"start":{"line":185,"column":4},"end":{"line":185,"column":12}},"loc":{"start":{"line":185,"column":26},"end":{"line":185,"column":70}}},"18":{"name":"(anonymous_27)","decl":{"start":{"line":224,"column":4},"end":{"line":224,"column":13}},"loc":{"start":{"line":224,"column":30},"end":{"line":228,"column":5}}},"19":{"name":"(anonymous_28)","decl":{"start":{"line":227,"column":14},"end":{"line":227,"column":16}},"loc":{"start":{"line":227,"column":20},"end":{"line":227,"column":24}}},"20":{"name":"(anonymous_29)","decl":{"start":{"line":230,"column":4},"end":{"line":230,"column":13}},"loc":{"start":{"line":230,"column":14},"end":{"line":232,"column":5}}},"21":{"name":"(anonymous_30)","decl":{"start":{"line":239,"column":14},"end":{"line":239,"column":32}},"loc":{"start":{"line":239,"column":61},"end":{"line":253,"column":5}}},"22":{"name":"(anonymous_31)","decl":{"start":{"line":244,"column":18},"end":{"line":244,"column":19}},"loc":{"start":{"line":244,"column":42},"end":{"line":251,"column":13}}},"23":{"name":"(anonymous_32)","decl":{"start":{"line":258,"column":4},"end":{"line":258,"column":9}},"loc":{"start":{"line":258,"column":35},"end":{"line":269,"column":5}}},"24":{"name":"(anonymous_33)","decl":{"start":{"line":271,"column":4},"end":{"line":271,"column":9}},"loc":{"start":{"line":271,"column":32},"end":{"line":273,"column":5}}},"25":{"name":"(anonymous_34)","decl":{"start":{"line":276,"column":4},"end":{"line":276,"column":9}},"loc":{"start":{"line":276,"column":21},"end":{"line":278,"column":5}}}},"branchMap":{"0":{"loc":{"start":{"line":143,"column":8},"end":{"line":143,"column":70}},"type":"if","locations":[{"start":{"line":143,"column":8},"end":{"line":143,"column":70}},{"start":{"line":143,"column":8},"end":{"line":143,"column":70}}]},"1":{"loc":{"start":{"line":148,"column":61},"end":{"line":148,"column":76}},"type":"binary-expr","locations":[{"start":{"line":148,"column":61},"end":{"line":148,"column":76}},{"start":{"line":148,"column":80},"end":{"line":148,"column":82}}]},"2":{"loc":{"start":{"line":246,"column":16},"end":{"line":249,"column":17}},"type":"if","locations":[{"start":{"line":246,"column":16},"end":{"line":249,"column":17}},{"start":{"line":246,"column":16},"end":{"line":249,"column":17}}]},"3":{"loc":{"start":{"line":260,"column":8},"end":{"line":260,"column":65}},"type":"if","locations":[{"start":{"line":260,"column":8},"end":{"line":260,"column":65}},{"start":{"line":260,"column":8},"end":{"line":260,"column":65}}]},"4":{"loc":{"start":{"line":261,"column":8},"end":{"line":261,"column":65}},"type":"if","locations":[{"start":{"line":261,"column":8},"end":{"line":261,"column":65}},{"start":{"line":261,"column":8},"end":{"line":261,"column":65}}]},"5":{"loc":{"start":{"line":262,"column":8},"end":{"line":262,"column":65}},"type":"if","locations":[{"start":{"line":262,"column":8},"end":{"line":262,"column":65}},{"start":{"line":262,"column":8},"end":{"line":262,"column":65}}]},"6":{"loc":{"start":{"line":267,"column":8},"end":{"line":267,"column":76}},"type":"if","locations":[{"start":{"line":267,"column":8},"end":{"line":267,"column":76}},{"start":{"line":267,"column":8},"end":{"line":267,"column":76}}]}},"s":{"0":4,"1":4,"2":4,"3":4,"4":4,"5":0,"6":0,"7":0,"8":0,"9":4,"10":4,"11":4,"12":4,"13":32,"14":4,"15":4,"16":4,"17":4,"18":4,"19":2,"20":0,"21":0,"22":0,"23":0,"24":4,"25":6,"26":2,"27":0,"28":0,"29":0,"30":0,"31":0,"32":0,"33":1,"34":2,"35":2,"36":2,"37":2,"38":0,"39":0,"40":0,"41":0,"42":0,"43":0,"44":0,"45":0,"46":0,"47":4,"48":4,"49":4,"50":0,"51":4,"52":0,"53":4,"54":0,"55":4,"56":4,"57":4,"58":4,"59":2,"60":4,"61":3,"62":11,"63":4,"64":4},"f":{"0":0,"1":0,"2":0,"3":0,"4":4,"5":0,"6":4,"7":32,"8":4,"9":0,"10":4,"11":6,"12":2,"13":0,"14":0,"15":0,"16":0,"17":1,"18":2,"19":2,"20":2,"21":0,"22":0,"23":4,"24":3,"25":11},"b":{"0":[2,2],"1":[0,0],"2":[0,0],"3":[0,4],"4":[0,4],"5":[0,4],"6":[2,2]}}
,"/Users/sth1pal/Documents/Development/JavaScript/nodejs/ts6/dev/hsNode/hsHomeSec/src/node/device/Foscam.ts": {"path":"/Users/sth1pal/Documents/Development/JavaScript/nodejs/ts6/dev/hsNode/hsHomeSec/src/node/device/Foscam.ts","statementMap":{"0":{"start":{"line":8,"column":0},"end":{"line":8,"column":43}},"1":{"start":{"line":10,"column":0},"end":{"line":10,"column":49}},"2":{"start":{"line":12,"column":21},"end":{"line":12,"column":23}},"3":{"start":{"line":13,"column":21},"end":{"line":13,"column":22}},"4":{"start":{"line":14,"column":21},"end":{"line":14,"column":24}},"5":{"start":{"line":16,"column":16},"end":{"line":21,"column":1}},"6":{"start":{"line":29,"column":8},"end":{"line":29,"column":32}},"7":{"start":{"line":26,"column":14},"end":{"line":26,"column":24}},"8":{"start":{"line":31,"column":8},"end":{"line":31,"column":90}},"9":{"start":{"line":32,"column":26},"end":{"line":32,"column":28}},"10":{"start":{"line":33,"column":26},"end":{"line":33,"column":28}},"11":{"start":{"line":34,"column":8},"end":{"line":34,"column":96}},"12":{"start":{"line":34,"column":35},"end":{"line":34,"column":94}},"13":{"start":{"line":35,"column":8},"end":{"line":35,"column":73}},"14":{"start":{"line":35,"column":35},"end":{"line":35,"column":71}},"15":{"start":{"line":36,"column":8},"end":{"line":36,"column":59}},"16":{"start":{"line":40,"column":8},"end":{"line":40,"column":35}},"17":{"start":{"line":45,"column":21},"end":{"line":45,"column":31}},"18":{"start":{"line":46,"column":19},"end":{"line":46,"column":20}},"19":{"start":{"line":47,"column":19},"end":{"line":47,"column":37}},"20":{"start":{"line":48,"column":19},"end":{"line":48,"column":36}},"21":{"start":{"line":49,"column":19},"end":{"line":49,"column":33}},"22":{"start":{"line":50,"column":19},"end":{"line":50,"column":34}},"23":{"start":{"line":51,"column":20},"end":{"line":51,"column":37}},"24":{"start":{"line":52,"column":20},"end":{"line":52,"column":37}},"25":{"start":{"line":53,"column":20},"end":{"line":53,"column":181}},"26":{"start":{"line":54,"column":8},"end":{"line":54,"column":44}},"27":{"start":{"line":62,"column":20},"end":{"line":62,"column":45}},"28":{"start":{"line":63,"column":8},"end":{"line":70,"column":46}},"29":{"start":{"line":65,"column":22},"end":{"line":65,"column":54}},"30":{"start":{"line":66,"column":12},"end":{"line":66,"column":64}},"31":{"start":{"line":66,"column":42},"end":{"line":66,"column":62}},"32":{"start":{"line":67,"column":12},"end":{"line":67,"column":51}},"33":{"start":{"line":68,"column":12},"end":{"line":68,"column":49}},"34":{"start":{"line":77,"column":20},"end":{"line":77,"column":46}},"35":{"start":{"line":78,"column":8},"end":{"line":90,"column":46}},"36":{"start":{"line":80,"column":27},"end":{"line":80,"column":46}},"37":{"start":{"line":81,"column":12},"end":{"line":88,"column":13}},"38":{"start":{"line":82,"column":16},"end":{"line":82,"column":58}},"39":{"start":{"line":83,"column":16},"end":{"line":83,"column":76}},"40":{"start":{"line":84,"column":16},"end":{"line":84,"column":30}},"41":{"start":{"line":86,"column":16},"end":{"line":86,"column":100}},"42":{"start":{"line":87,"column":16},"end":{"line":87,"column":30}},"43":{"start":{"line":98,"column":28},"end":{"line":98,"column":45}},"44":{"start":{"line":99,"column":20},"end":{"line":99,"column":173}},"45":{"start":{"line":100,"column":8},"end":{"line":100,"column":44}},"46":{"start":{"line":101,"column":8},"end":{"line":111,"column":15}},"47":{"start":{"line":103,"column":32},"end":{"line":103,"column":66}},"48":{"start":{"line":104,"column":16},"end":{"line":104,"column":74}},"49":{"start":{"line":105,"column":16},"end":{"line":105,"column":75}},"50":{"start":{"line":106,"column":16},"end":{"line":106,"column":31}},"51":{"start":{"line":109,"column":16},"end":{"line":109,"column":36}},"52":{"start":{"line":110,"column":16},"end":{"line":110,"column":29}},"53":{"start":{"line":121,"column":28},"end":{"line":121,"column":45}},"54":{"start":{"line":122,"column":20},"end":{"line":122,"column":174}},"55":{"start":{"line":123,"column":8},"end":{"line":129,"column":46}},"56":{"start":{"line":125,"column":27},"end":{"line":125,"column":54}},"57":{"start":{"line":126,"column":12},"end":{"line":126,"column":94}},"58":{"start":{"line":127,"column":12},"end":{"line":127,"column":26}},"59":{"start":{"line":139,"column":20},"end":{"line":139,"column":45}},"60":{"start":{"line":141,"column":8},"end":{"line":147,"column":15}},"61":{"start":{"line":143,"column":34},"end":{"line":143,"column":86}},"62":{"start":{"line":145,"column":16},"end":{"line":145,"column":36}},"63":{"start":{"line":146,"column":16},"end":{"line":146,"column":26}},"64":{"start":{"line":157,"column":8},"end":{"line":160,"column":9}},"65":{"start":{"line":158,"column":12},"end":{"line":158,"column":31}},"66":{"start":{"line":159,"column":12},"end":{"line":159,"column":42}},"67":{"start":{"line":161,"column":21},"end":{"line":161,"column":89}},"68":{"start":{"line":162,"column":20},"end":{"line":162,"column":153}},"69":{"start":{"line":163,"column":8},"end":{"line":175,"column":15}},"70":{"start":{"line":165,"column":32},"end":{"line":165,"column":66}},"71":{"start":{"line":166,"column":16},"end":{"line":166,"column":81}},"72":{"start":{"line":167,"column":16},"end":{"line":169,"column":17}},"73":{"start":{"line":168,"column":20},"end":{"line":168,"column":89}},"74":{"start":{"line":170,"column":16},"end":{"line":170,"column":44}},"75":{"start":{"line":173,"column":16},"end":{"line":173,"column":36}},"76":{"start":{"line":174,"column":16},"end":{"line":174,"column":40}},"77":{"start":{"line":25,"column":0},"end":{"line":177,"column":1}}},"fnMap":{"0":{"name":"(anonymous_6)","decl":{"start":{"line":28,"column":4},"end":{"line":28,"column":15}},"loc":{"start":{"line":28,"column":60},"end":{"line":37,"column":5}}},"1":{"name":"(anonymous_7)","decl":{"start":{"line":39,"column":10},"end":{"line":39,"column":19}},"loc":{"start":{"line":39,"column":41},"end":{"line":41,"column":5}}},"2":{"name":"(anonymous_10)","decl":{"start":{"line":43,"column":10},"end":{"line":43,"column":16}},"loc":{"start":{"line":43,"column":17},"end":{"line":55,"column":5}}},"3":{"name":"(anonymous_12)","decl":{"start":{"line":61,"column":4},"end":{"line":61,"column":14}},"loc":{"start":{"line":61,"column":15},"end":{"line":71,"column":5}}},"4":{"name":"(anonymous_13)","decl":{"start":{"line":64,"column":14},"end":{"line":64,"column":15}},"loc":{"start":{"line":64,"column":40},"end":{"line":69,"column":9}}},"5":{"name":"(anonymous_14)","decl":{"start":{"line":76,"column":4},"end":{"line":76,"column":12}},"loc":{"start":{"line":76,"column":13},"end":{"line":91,"column":5}}},"6":{"name":"(anonymous_15)","decl":{"start":{"line":79,"column":14},"end":{"line":79,"column":15}},"loc":{"start":{"line":79,"column":40},"end":{"line":89,"column":9}}},"7":{"name":"(anonymous_16)","decl":{"start":{"line":97,"column":4},"end":{"line":97,"column":12}},"loc":{"start":{"line":97,"column":13},"end":{"line":112,"column":5}}},"8":{"name":"(anonymous_17)","decl":{"start":{"line":102,"column":18},"end":{"line":102,"column":19}},"loc":{"start":{"line":102,"column":44},"end":{"line":107,"column":13}}},"9":{"name":"(anonymous_18)","decl":{"start":{"line":108,"column":19},"end":{"line":108,"column":21}},"loc":{"start":{"line":108,"column":25},"end":{"line":111,"column":13}}},"10":{"name":"(anonymous_19)","decl":{"start":{"line":120,"column":4},"end":{"line":120,"column":16}},"loc":{"start":{"line":120,"column":17},"end":{"line":130,"column":5}}},"11":{"name":"(anonymous_20)","decl":{"start":{"line":124,"column":14},"end":{"line":124,"column":15}},"loc":{"start":{"line":124,"column":40},"end":{"line":128,"column":9}}},"12":{"name":"(anonymous_21)","decl":{"start":{"line":138,"column":4},"end":{"line":138,"column":12}},"loc":{"start":{"line":138,"column":13},"end":{"line":148,"column":5}}},"13":{"name":"(anonymous_22)","decl":{"start":{"line":143,"column":18},"end":{"line":143,"column":19}},"loc":{"start":{"line":143,"column":34},"end":{"line":143,"column":86}}},"14":{"name":"(anonymous_23)","decl":{"start":{"line":144,"column":19},"end":{"line":144,"column":21}},"loc":{"start":{"line":144,"column":25},"end":{"line":147,"column":13}}},"15":{"name":"(anonymous_24)","decl":{"start":{"line":156,"column":4},"end":{"line":156,"column":6}},"loc":{"start":{"line":156,"column":19},"end":{"line":176,"column":5}}},"16":{"name":"(anonymous_25)","decl":{"start":{"line":164,"column":18},"end":{"line":164,"column":19}},"loc":{"start":{"line":164,"column":26},"end":{"line":171,"column":13}}},"17":{"name":"(anonymous_26)","decl":{"start":{"line":172,"column":19},"end":{"line":172,"column":21}},"loc":{"start":{"line":172,"column":25},"end":{"line":175,"column":13}}}},"branchMap":{"0":{"loc":{"start":{"line":66,"column":12},"end":{"line":66,"column":64}},"type":"if","locations":[{"start":{"line":66,"column":12},"end":{"line":66,"column":64}},{"start":{"line":66,"column":12},"end":{"line":66,"column":64}}]},"1":{"loc":{"start":{"line":81,"column":12},"end":{"line":88,"column":13}},"type":"if","locations":[{"start":{"line":81,"column":12},"end":{"line":88,"column":13}},{"start":{"line":81,"column":12},"end":{"line":88,"column":13}}]},"2":{"loc":{"start":{"line":104,"column":51},"end":{"line":104,"column":60}},"type":"cond-expr","locations":[{"start":{"line":104,"column":51},"end":{"line":104,"column":60}},{"start":{"line":104,"column":61},"end":{"line":104,"column":70}}]},"3":{"loc":{"start":{"line":126,"column":28},"end":{"line":126,"column":34}},"type":"cond-expr","locations":[{"start":{"line":126,"column":28},"end":{"line":126,"column":34}},{"start":{"line":126,"column":35},"end":{"line":126,"column":42}}]},"4":{"loc":{"start":{"line":126,"column":70},"end":{"line":126,"column":81}},"type":"cond-expr","locations":[{"start":{"line":126,"column":70},"end":{"line":126,"column":81}},{"start":{"line":126,"column":82},"end":{"line":126,"column":90}}]},"5":{"loc":{"start":{"line":157,"column":8},"end":{"line":160,"column":9}},"type":"if","locations":[{"start":{"line":157,"column":8},"end":{"line":160,"column":9}},{"start":{"line":157,"column":8},"end":{"line":160,"column":9}}]},"6":{"loc":{"start":{"line":161,"column":71},"end":{"line":161,"column":84}},"type":"cond-expr","locations":[{"start":{"line":161,"column":71},"end":{"line":161,"column":84}},{"start":{"line":161,"column":87},"end":{"line":161,"column":88}}]},"7":{"loc":{"start":{"line":162,"column":58},"end":{"line":162,"column":59}},"type":"cond-expr","locations":[{"start":{"line":162,"column":58},"end":{"line":162,"column":59}},{"start":{"line":162,"column":60},"end":{"line":162,"column":61}}]},"8":{"loc":{"start":{"line":166,"column":55},"end":{"line":166,"column":67}},"type":"cond-expr","locations":[{"start":{"line":166,"column":55},"end":{"line":166,"column":67}},{"start":{"line":166,"column":70},"end":{"line":166,"column":77}}]},"9":{"loc":{"start":{"line":167,"column":16},"end":{"line":169,"column":17}},"type":"if","locations":[{"start":{"line":167,"column":16},"end":{"line":169,"column":17}},{"start":{"line":167,"column":16},"end":{"line":169,"column":17}}]}},"s":{"0":1,"1":1,"2":1,"3":1,"4":1,"5":1,"6":1,"7":1,"8":1,"9":1,"10":1,"11":1,"12":7,"13":1,"14":10,"15":1,"16":0,"17":0,"18":0,"19":0,"20":0,"21":0,"22":0,"23":0,"24":0,"25":0,"26":0,"27":0,"28":0,"29":0,"30":0,"31":0,"32":0,"33":0,"34":0,"35":0,"36":0,"37":0,"38":0,"39":0,"40":0,"41":0,"42":0,"43":0,"44":0,"45":0,"46":0,"47":0,"48":0,"49":0,"50":0,"51":0,"52":0,"53":0,"54":0,"55":0,"56":0,"57":0,"58":0,"59":0,"60":0,"61":0,"62":0,"63":0,"64":0,"65":0,"66":0,"67":0,"68":0,"69":0,"70":0,"71":0,"72":0,"73":0,"74":0,"75":0,"76":0,"77":1},"f":{"0":1,"1":0,"2":0,"3":0,"4":0,"5":0,"6":0,"7":0,"8":0,"9":0,"10":0,"11":0,"12":0,"13":0,"14":0,"15":0,"16":0,"17":0},"b":{"0":[0,0],"1":[0,0],"2":[0,0],"3":[0,0],"4":[0,0],"5":[0,0],"6":[0,0],"7":[0,0],"8":[0,0],"9":[0,0]}}
,"/Users/sth1pal/Documents/Development/JavaScript/nodejs/ts6/dev/hsNode/hsHomeSec/src/node/device/WansView.ts": {"path":"/Users/sth1pal/Documents/Development/JavaScript/nodejs/ts6/dev/hsNode/hsHomeSec/src/node/device/WansView.ts","statementMap":{"0":{"start":{"line":4,"column":0},"end":{"line":4,"column":45}},"1":{"start":{"line":4,"column":62},"end":{"line":4,"column":78}},"2":{"start":{"line":9,"column":0},"end":{"line":9,"column":47}},"3":{"start":{"line":10,"column":0},"end":{"line":10,"column":53}},"4":{"start":{"line":11,"column":0},"end":{"line":11,"column":45}},"5":{"start":{"line":13,"column":25},"end":{"line":13,"column":26}},"6":{"start":{"line":14,"column":25},"end":{"line":14,"column":27}},"7":{"start":{"line":16,"column":17},"end":{"line":51,"column":1}},"8":{"start":{"line":17,"column":68},"end":{"line":31,"column":15}},"9":{"start":{"line":57,"column":8},"end":{"line":57,"column":32}},"10":{"start":{"line":54,"column":14},"end":{"line":54,"column":24}},"11":{"start":{"line":58,"column":8},"end":{"line":58,"column":31}},"12":{"start":{"line":63,"column":8},"end":{"line":63,"column":41}},"13":{"start":{"line":64,"column":8},"end":{"line":64,"column":36}},"14":{"start":{"line":65,"column":8},"end":{"line":65,"column":29}},"15":{"start":{"line":69,"column":8},"end":{"line":83,"column":15}},"16":{"start":{"line":71,"column":16},"end":{"line":71,"column":105}},"17":{"start":{"line":72,"column":16},"end":{"line":78,"column":17}},"18":{"start":{"line":73,"column":20},"end":{"line":73,"column":53}},"19":{"start":{"line":74,"column":20},"end":{"line":74,"column":32}},"20":{"start":{"line":76,"column":20},"end":{"line":76,"column":94}},"21":{"start":{"line":77,"column":20},"end":{"line":77,"column":33}},"22":{"start":{"line":81,"column":16},"end":{"line":81,"column":45}},"23":{"start":{"line":82,"column":16},"end":{"line":82,"column":29}},"24":{"start":{"line":87,"column":18},"end":{"line":87,"column":28}},"25":{"start":{"line":88,"column":19},"end":{"line":88,"column":43}},"26":{"start":{"line":89,"column":20},"end":{"line":89,"column":117}},"27":{"start":{"line":90,"column":8},"end":{"line":90,"column":48}},"28":{"start":{"line":94,"column":20},"end":{"line":94,"column":125}},"29":{"start":{"line":95,"column":8},"end":{"line":95,"column":56}},"30":{"start":{"line":103,"column":20},"end":{"line":103,"column":61}},"31":{"start":{"line":104,"column":8},"end":{"line":111,"column":50}},"32":{"start":{"line":106,"column":29},"end":{"line":106,"column":59}},"33":{"start":{"line":107,"column":28},"end":{"line":107,"column":58}},"34":{"start":{"line":108,"column":16},"end":{"line":108,"column":54}},"35":{"start":{"line":109,"column":16},"end":{"line":109,"column":53}},"36":{"start":{"line":120,"column":20},"end":{"line":120,"column":84}},"37":{"start":{"line":121,"column":8},"end":{"line":121,"column":45}},"38":{"start":{"line":130,"column":20},"end":{"line":130,"column":56}},"39":{"start":{"line":131,"column":8},"end":{"line":131,"column":44}},"40":{"start":{"line":132,"column":8},"end":{"line":142,"column":15}},"41":{"start":{"line":134,"column":16},"end":{"line":134,"column":83}},"42":{"start":{"line":135,"column":31},"end":{"line":135,"column":33}},"43":{"start":{"line":136,"column":16},"end":{"line":136,"column":176}},"44":{"start":{"line":136,"column":102},"end":{"line":136,"column":119}},"45":{"start":{"line":136,"column":120},"end":{"line":136,"column":173}},"46":{"start":{"line":136,"column":132},"end":{"line":136,"column":171}},"47":{"start":{"line":137,"column":16},"end":{"line":137,"column":76}},"48":{"start":{"line":138,"column":16},"end":{"line":138,"column":30}},"49":{"start":{"line":141,"column":16},"end":{"line":141,"column":44}},"50":{"start":{"line":151,"column":28},"end":{"line":151,"column":45}},"51":{"start":{"line":152,"column":20},"end":{"line":152,"column":191}},"52":{"start":{"line":153,"column":8},"end":{"line":153,"column":51}},"53":{"start":{"line":163,"column":21},"end":{"line":163,"column":54}},"54":{"start":{"line":164,"column":21},"end":{"line":164,"column":60}},"55":{"start":{"line":165,"column":8},"end":{"line":177,"column":50}},"56":{"start":{"line":167,"column":16},"end":{"line":167,"column":106}},"57":{"start":{"line":168,"column":16},"end":{"line":168,"column":124}},"58":{"start":{"line":168,"column":55},"end":{"line":168,"column":123}},"59":{"start":{"line":169,"column":16},"end":{"line":169,"column":36}},"60":{"start":{"line":171,"column":24},"end":{"line":171,"column":54}},"61":{"start":{"line":173,"column":16},"end":{"line":173,"column":106}},"62":{"start":{"line":174,"column":16},"end":{"line":174,"column":124}},"63":{"start":{"line":174,"column":55},"end":{"line":174,"column":123}},"64":{"start":{"line":175,"column":16},"end":{"line":175,"column":36}},"65":{"start":{"line":187,"column":20},"end":{"line":187,"column":108}},"66":{"start":{"line":189,"column":8},"end":{"line":195,"column":15}},"67":{"start":{"line":191,"column":34},"end":{"line":191,"column":81}},"68":{"start":{"line":193,"column":16},"end":{"line":193,"column":36}},"69":{"start":{"line":194,"column":16},"end":{"line":194,"column":26}},"70":{"start":{"line":205,"column":22},"end":{"line":205,"column":39}},"71":{"start":{"line":207,"column":8},"end":{"line":210,"column":9}},"72":{"start":{"line":208,"column":12},"end":{"line":208,"column":31}},"73":{"start":{"line":209,"column":12},"end":{"line":209,"column":42}},"74":{"start":{"line":211,"column":20},"end":{"line":211,"column":89}},"75":{"start":{"line":212,"column":8},"end":{"line":232,"column":15}},"76":{"start":{"line":213,"column":30},"end":{"line":213,"column":49}},"77":{"start":{"line":215,"column":34},"end":{"line":215,"column":57}},"78":{"start":{"line":216,"column":30},"end":{"line":216,"column":56}},"79":{"start":{"line":217,"column":16},"end":{"line":217,"column":110}},"80":{"start":{"line":218,"column":16},"end":{"line":218,"column":165}},"81":{"start":{"line":218,"column":60},"end":{"line":218,"column":162}},"82":{"start":{"line":218,"column":85},"end":{"line":218,"column":160}},"83":{"start":{"line":219,"column":16},"end":{"line":219,"column":81}},"84":{"start":{"line":220,"column":16},"end":{"line":226,"column":17}},"85":{"start":{"line":221,"column":20},"end":{"line":221,"column":86}},"86":{"start":{"line":222,"column":20},"end":{"line":222,"column":67}},"87":{"start":{"line":223,"column":20},"end":{"line":225,"column":21}},"88":{"start":{"line":224,"column":24},"end":{"line":224,"column":79}},"89":{"start":{"line":227,"column":16},"end":{"line":227,"column":31}},"90":{"start":{"line":230,"column":16},"end":{"line":230,"column":36}},"91":{"start":{"line":231,"column":16},"end":{"line":231,"column":40}},"92":{"start":{"line":53,"column":0},"end":{"line":234,"column":1}}},"fnMap":{"0":{"name":"(anonymous_6)","decl":{"start":{"line":17,"column":38},"end":{"line":17,"column":39}},"loc":{"start":{"line":17,"column":68},"end":{"line":31,"column":15}}},"1":{"name":"(anonymous_7)","decl":{"start":{"line":56,"column":4},"end":{"line":56,"column":15}},"loc":{"start":{"line":56,"column":60},"end":{"line":60,"column":5}}},"2":{"name":"(anonymous_8)","decl":{"start":{"line":62,"column":10},"end":{"line":62,"column":19}},"loc":{"start":{"line":62,"column":41},"end":{"line":66,"column":5}}},"3":{"name":"(anonymous_11)","decl":{"start":{"line":68,"column":4},"end":{"line":68,"column":15}},"loc":{"start":{"line":68,"column":40},"end":{"line":84,"column":5}}},"4":{"name":"(anonymous_12)","decl":{"start":{"line":70,"column":18},"end":{"line":70,"column":19}},"loc":{"start":{"line":70,"column":53},"end":{"line":79,"column":13}}},"5":{"name":"(anonymous_13)","decl":{"start":{"line":80,"column":19},"end":{"line":80,"column":21}},"loc":{"start":{"line":80,"column":25},"end":{"line":83,"column":13}}},"6":{"name":"(anonymous_14)","decl":{"start":{"line":86,"column":10},"end":{"line":86,"column":16}},"loc":{"start":{"line":86,"column":17},"end":{"line":91,"column":5}}},"7":{"name":"(anonymous_16)","decl":{"start":{"line":93,"column":4},"end":{"line":93,"column":17}},"loc":{"start":{"line":93,"column":18},"end":{"line":96,"column":5}}},"8":{"name":"(anonymous_17)","decl":{"start":{"line":102,"column":4},"end":{"line":102,"column":14}},"loc":{"start":{"line":102,"column":15},"end":{"line":112,"column":9}}},"9":{"name":"(anonymous_18)","decl":{"start":{"line":105,"column":18},"end":{"line":105,"column":19}},"loc":{"start":{"line":105,"column":44},"end":{"line":110,"column":13}}},"10":{"name":"(anonymous_19)","decl":{"start":{"line":119,"column":4},"end":{"line":119,"column":12}},"loc":{"start":{"line":119,"column":26},"end":{"line":122,"column":5}}},"11":{"name":"(anonymous_20)","decl":{"start":{"line":129,"column":4},"end":{"line":129,"column":12}},"loc":{"start":{"line":129,"column":13},"end":{"line":143,"column":5}}},"12":{"name":"(anonymous_21)","decl":{"start":{"line":133,"column":18},"end":{"line":133,"column":19}},"loc":{"start":{"line":133,"column":53},"end":{"line":139,"column":13}}},"13":{"name":"(anonymous_22)","decl":{"start":{"line":136,"column":89},"end":{"line":136,"column":90}},"loc":{"start":{"line":136,"column":99},"end":{"line":136,"column":174}}},"14":{"name":"(anonymous_23)","decl":{"start":{"line":140,"column":19},"end":{"line":140,"column":21}},"loc":{"start":{"line":140,"column":25},"end":{"line":142,"column":13}}},"15":{"name":"(anonymous_24)","decl":{"start":{"line":150,"column":4},"end":{"line":150,"column":12}},"loc":{"start":{"line":150,"column":13},"end":{"line":154,"column":5}}},"16":{"name":"(anonymous_25)","decl":{"start":{"line":162,"column":4},"end":{"line":162,"column":16}},"loc":{"start":{"line":162,"column":17},"end":{"line":178,"column":5}}},"17":{"name":"(anonymous_26)","decl":{"start":{"line":166,"column":18},"end":{"line":166,"column":19}},"loc":{"start":{"line":166,"column":39},"end":{"line":170,"column":13}}},"18":{"name":"(anonymous_27)","decl":{"start":{"line":171,"column":18},"end":{"line":171,"column":20}},"loc":{"start":{"line":171,"column":24},"end":{"line":171,"column":54}}},"19":{"name":"(anonymous_28)","decl":{"start":{"line":172,"column":18},"end":{"line":172,"column":19}},"loc":{"start":{"line":172,"column":39},"end":{"line":176,"column":13}}},"20":{"name":"(anonymous_29)","decl":{"start":{"line":186,"column":4},"end":{"line":186,"column":12}},"loc":{"start":{"line":186,"column":13},"end":{"line":196,"column":5}}},"21":{"name":"(anonymous_30)","decl":{"start":{"line":191,"column":18},"end":{"line":191,"column":19}},"loc":{"start":{"line":191,"column":34},"end":{"line":191,"column":81}}},"22":{"name":"(anonymous_31)","decl":{"start":{"line":192,"column":19},"end":{"line":192,"column":21}},"loc":{"start":{"line":192,"column":25},"end":{"line":195,"column":13}}},"23":{"name":"(anonymous_32)","decl":{"start":{"line":204,"column":4},"end":{"line":204,"column":6}},"loc":{"start":{"line":204,"column":19},"end":{"line":233,"column":5}}},"24":{"name":"(anonymous_33)","decl":{"start":{"line":213,"column":18},"end":{"line":213,"column":19}},"loc":{"start":{"line":213,"column":30},"end":{"line":213,"column":49}}},"25":{"name":"(anonymous_34)","decl":{"start":{"line":214,"column":18},"end":{"line":214,"column":19}},"loc":{"start":{"line":214,"column":29},"end":{"line":228,"column":13}}},"26":{"name":"(anonymous_35)","decl":{"start":{"line":218,"column":34},"end":{"line":218,"column":35}},"loc":{"start":{"line":218,"column":57},"end":{"line":218,"column":163}}},"27":{"name":"(anonymous_36)","decl":{"start":{"line":229,"column":19},"end":{"line":229,"column":21}},"loc":{"start":{"line":229,"column":25},"end":{"line":232,"column":13}}}},"branchMap":{"0":{"loc":{"start":{"line":18,"column":54},"end":{"line":18,"column":55}},"type":"cond-expr","locations":[{"start":{"line":18,"column":54},"end":{"line":18,"column":55}},{"start":{"line":18,"column":56},"end":{"line":18,"column":57}}]},"1":{"loc":{"start":{"line":19,"column":65},"end":{"line":19,"column":66}},"type":"cond-expr","locations":[{"start":{"line":19,"column":65},"end":{"line":19,"column":66}},{"start":{"line":19,"column":67},"end":{"line":19,"column":68}}]},"2":{"loc":{"start":{"line":20,"column":74},"end":{"line":20,"column":78}},"type":"cond-expr","locations":[{"start":{"line":20,"column":74},"end":{"line":20,"column":78}},{"start":{"line":20,"column":79},"end":{"line":20,"column":84}}]},"3":{"loc":{"start":{"line":72,"column":16},"end":{"line":78,"column":17}},"type":"if","locations":[{"start":{"line":72,"column":16},"end":{"line":78,"column":17}},{"start":{"line":72,"column":16},"end":{"line":78,"column":17}}]},"4":{"loc":{"start":{"line":72,"column":21},"end":{"line":72,"column":58}},"type":"binary-expr","locations":[{"start":{"line":72,"column":21},"end":{"line":72,"column":58}},{"start":{"line":72,"column":64},"end":{"line":72,"column":98}}]},"5":{"loc":{"start":{"line":136,"column":120},"end":{"line":136,"column":173}},"type":"if","locations":[{"start":{"line":136,"column":120},"end":{"line":136,"column":173}},{"start":{"line":136,"column":120},"end":{"line":136,"column":173}}]},"6":{"loc":{"start":{"line":168,"column":16},"end":{"line":168,"column":124}},"type":"if","locations":[{"start":{"line":168,"column":16},"end":{"line":168,"column":124}},{"start":{"line":168,"column":16},"end":{"line":168,"column":124}}]},"7":{"loc":{"start":{"line":174,"column":16},"end":{"line":174,"column":124}},"type":"if","locations":[{"start":{"line":174,"column":16},"end":{"line":174,"column":124}},{"start":{"line":174,"column":16},"end":{"line":174,"column":124}}]},"8":{"loc":{"start":{"line":207,"column":8},"end":{"line":210,"column":9}},"type":"if","locations":[{"start":{"line":207,"column":8},"end":{"line":210,"column":9}},{"start":{"line":207,"column":8},"end":{"line":210,"column":9}}]},"9":{"loc":{"start":{"line":218,"column":60},"end":{"line":218,"column":162}},"type":"if","locations":[{"start":{"line":218,"column":60},"end":{"line":218,"column":162}},{"start":{"line":218,"column":60},"end":{"line":218,"column":162}}]},"10":{"loc":{"start":{"line":218,"column":63},"end":{"line":218,"column":64}},"type":"binary-expr","locations":[{"start":{"line":218,"column":63},"end":{"line":218,"column":64}},{"start":{"line":218,"column":68},"end":{"line":218,"column":81}}]},"11":{"loc":{"start":{"line":219,"column":55},"end":{"line":219,"column":67}},"type":"cond-expr","locations":[{"start":{"line":219,"column":55},"end":{"line":219,"column":67}},{"start":{"line":219,"column":70},"end":{"line":219,"column":77}}]},"12":{"loc":{"start":{"line":220,"column":16},"end":{"line":226,"column":17}},"type":"if","locations":[{"start":{"line":220,"column":16},"end":{"line":226,"column":17}},{"start":{"line":220,"column":16},"end":{"line":226,"column":17}}]},"13":{"loc":{"start":{"line":223,"column":20},"end":{"line":225,"column":21}},"type":"if","locations":[{"start":{"line":223,"column":20},"end":{"line":225,"column":21}},{"start":{"line":223,"column":20},"end":{"line":225,"column":21}}]}},"s":{"0":1,"1":1,"2":1,"3":1,"4":1,"5":1,"6":1,"7":1,"8":0,"9":1,"10":1,"11":1,"12":0,"13":0,"14":0,"15":0,"16":0,"17":0,"18":0,"19":0,"20":0,"21":0,"22":0,"23":0,"24":0,"25":0,"26":0,"27":0,"28":0,"29":0,"30":0,"31":0,"32":0,"33":0,"34":0,"35":0,"36":0,"37":0,"38":0,"39":0,"40":0,"41":0,"42":0,"43":0,"44":0,"45":0,"46":0,"47":0,"48":0,"49":0,"50":0,"51":0,"52":0,"53":0,"54":0,"55":0,"56":0,"57":0,"58":0,"59":0,"60":0,"61":0,"62":0,"63":0,"64":0,"65":0,"66":0,"67":0,"68":0,"69":0,"70":0,"71":0,"72":0,"73":0,"74":0,"75":0,"76":0,"77":0,"78":0,"79":0,"80":0,"81":0,"82":0,"83":0,"84":0,"85":0,"86":0,"87":0,"88":0,"89":0,"90":0,"91":0,"92":1},"f":{"0":0,"1":1,"2":0,"3":0,"4":0,"5":0,"6":0,"7":0,"8":0,"9":0,"10":0,"11":0,"12":0,"13":0,"14":0,"15":0,"16":0,"17":0,"18":0,"19":0,"20":0,"21":0,"22":0,"23":0,"24":0,"25":0,"26":0,"27":0},"b":{"0":[0,0],"1":[0,0],"2":[0,0],"3":[0,0],"4":[0,0],"5":[0,0],"6":[0,0],"7":[0,0],"8":[0,0],"9":[0,0],"10":[0,0],"11":[0,0],"12":[0,0],"13":[0,0]}}
}
