TN:
SF:/Users/sth1pal/Documents/Development/JavaScript/nodejs/ts6/dev/hsNode/hsHomeSec/src/node/comm/UserComm.ts
FN:20,(anonymous_0)
FN:24,(anonymous_1)
FN:28,(anonymous_2)
FN:32,(anonymous_3)
FN:36,(anonymous_4)
FN:40,(anonymous_5)
FN:41,(anonymous_6)
FN:44,(anonymous_7)
FN:51,message
FN:52,(anonymous_9)
FN:55,videoChat
FN:59,audioChat
FN:63,sendEmail
FN:64,(anonymous_13)
FN:67,getEmail
FNF:15
FNH:5
FNDA:1,(anonymous_0)
FNDA:1,(anonymous_1)
FNDA:1,(anonymous_2)
FNDA:1,(anonymous_3)
FNDA:1,(anonymous_4)
FNDA:0,(anonymous_5)
FNDA:0,(anonymous_6)
FNDA:0,(anonymous_7)
FNDA:0,message
FNDA:0,(anonymous_9)
FNDA:0,videoChat
FNDA:0,audioChat
FNDA:0,sendEmail
FNDA:0,(anonymous_13)
FNDA:0,getEmail
DA:3,1
DA:16,1
DA:18,1
DA:21,1
DA:25,1
DA:26,1
DA:27,1
DA:28,1
DA:33,1
DA:37,1
DA:41,0
DA:45,0
DA:49,1
DA:51,1
DA:52,0
DA:55,1
DA:56,0
DA:59,1
DA:60,0
DA:63,1
DA:64,0
DA:67,1
DA:68,0
LF:23
LH:16
BRDA:27,0,0,1
BRDA:27,0,1,0
BRDA:37,1,0,1
BRDA:37,1,1,0
BRF:4
BRH:2
end_of_record
