TN:
SF:/Users/sth1pal/Documents/Development/JavaScript/nodejs/ts6/dev/hsNode/hsHomeSec/src/node/comm/UserComm.ts
FN:18,(anonymous_0)
FN:22,(anonymous_1)
FN:26,(anonymous_2)
FN:30,(anonymous_3)
FN:31,(anonymous_4)
FN:34,(anonymous_5)
FN:38,(anonymous_6)
FN:42,(anonymous_7)
FN:43,(anonymous_8)
FN:46,(anonymous_9)
FN:53,message
FN:54,(anonymous_11)
FN:57,videoChat
FN:61,audioChat
FN:65,sendEmail
FN:66,(anonymous_15)
FN:69,getEmail
FNF:17
FNH:12
FNDA:5,(anonymous_0)
FNDA:3,(anonymous_1)
FNDA:3,(anonymous_2)
FNDA:1,(anonymous_3)
FNDA:1,(anonymous_4)
FNDA:1,(anonymous_5)
FNDA:4,(anonymous_6)
FNDA:0,(anonymous_7)
FNDA:0,(anonymous_8)
FNDA:1,(anonymous_9)
FNDA:3,message
FNDA:3,(anonymous_11)
FNDA:0,videoChat
FNDA:0,audioChat
FNDA:3,sendEmail
FNDA:3,(anonymous_15)
FNDA:0,getEmail
DA:3,5
DA:14,5
DA:16,5
DA:19,5
DA:23,3
DA:24,3
DA:25,3
DA:26,3
DA:31,1
DA:35,1
DA:39,4
DA:43,0
DA:47,1
DA:51,5
DA:53,5
DA:54,3
DA:57,5
DA:58,0
DA:61,5
DA:62,0
DA:65,5
DA:66,3
DA:69,5
DA:70,0
LF:24
LH:20
BRDA:25,0,0,3
BRDA:25,0,1,0
BRDA:39,1,0,4
BRDA:39,1,1,0
BRF:4
BRH:2
end_of_record
TN:
SF:/Users/sth1pal/Documents/Development/JavaScript/nodejs/ts6/dev/hsNode/hsHomeSec/src/node/comm/ftpSrv.ts
FN:23,getSettings
FN:27,login
FN:28,(anonymous_2)
FN:32,(anonymous_3)
FN:47,start
FN:54,(anonymous_5)
FN:58,(anonymous_6)
FN:63,(anonymous_7)
FN:64,(anonymous_8)
FNF:9
FNH:0
FNDA:0,getSettings
FNDA:0,login
FNDA:0,(anonymous_2)
FNDA:0,(anonymous_3)
FNDA:0,start
FNDA:0,(anonymous_5)
FNDA:0,(anonymous_6)
FNDA:0,(anonymous_7)
FNDA:0,(anonymous_8)
DA:1,1
DA:2,1
DA:3,1
DA:5,1
DA:15,1
DA:23,1
DA:24,0
DA:28,0
DA:29,0
DA:30,0
DA:32,0
DA:33,0
DA:34,0
DA:38,0
DA:39,0
DA:40,0
DA:41,0
DA:43,0
DA:44,0
DA:47,1
DA:48,0
DA:50,0
DA:51,0
DA:52,0
DA:53,0
DA:55,0
DA:56,0
DA:57,0
DA:58,0
DA:59,0
DA:61,0
DA:63,0
DA:65,0
DA:66,0
DA:67,0
LF:35
LH:7
BRDA:29,0,0,0
BRDA:29,0,1,0
BRDA:34,1,0,0
BRDA:34,1,1,0
BRDA:39,2,0,0
BRDA:39,2,1,0
BRDA:39,3,0,0
BRDA:39,3,1,0
BRF:8
BRH:0
end_of_record
TN:
SF:/Users/sth1pal/Documents/Development/JavaScript/nodejs/ts6/dev/hsNode/hsHomeSec/src/node/core/CommandExecution.ts
FN:30,armingCall
FN:36,(anonymous_7)
FN:37,(anonymous_8)
FN:49,setSnapshotDir
FN:51,(anonymous_10)
FN:57,(anonymous_11)
FN:59,(anonymous_12)
FN:75,snapFn
FN:76,(anonymous_15)
FN:79,(anonymous_16)
FN:84,(anonymous_17)
FN:95,(anonymous_18)
FN:99,(anonymous_19)
FN:101,(anonymous_20)
FN:109,(anonymous_21)
FN:113,(anonymous_22)
FN:121,(anonymous_23)
FN:123,(anonymous_24)
FN:130,(anonymous_25)
FN:132,(anonymous_26)
FN:135,(anonymous_27)
FN:137,(anonymous_28)
FN:138,(anonymous_29)
FN:141,(anonymous_30)
FN:147,(anonymous_31)
FN:148,(anonymous_32)
FN:151,(anonymous_33)
FN:153,(anonymous_34)
FN:156,(anonymous_35)
FN:167,(anonymous_36)
FN:168,(anonymous_37)
FN:169,(anonymous_38)
FN:170,(anonymous_39)
FN:171,(anonymous_40)
FN:171,(anonymous_41)
FN:178,(anonymous_42)
FN:188,(anonymous_43)
FN:188,(anonymous_44)
FNF:38
FNH:34
FNDA:1,armingCall
FNDA:1,(anonymous_7)
FNDA:0,(anonymous_8)
FNDA:1,setSnapshotDir
FNDA:1,(anonymous_10)
FNDA:1,(anonymous_11)
FNDA:1,(anonymous_12)
FNDA:3,snapFn
FNDA:4,(anonymous_15)
FNDA:4,(anonymous_16)
FNDA:6,(anonymous_17)
FNDA:1,(anonymous_18)
FNDA:1,(anonymous_19)
FNDA:1,(anonymous_20)
FNDA:1,(anonymous_21)
FNDA:1,(anonymous_22)
FNDA:3,(anonymous_23)
FNDA:3,(anonymous_24)
FNDA:1,(anonymous_25)
FNDA:2,(anonymous_26)
FNDA:2,(anonymous_27)
FNDA:2,(anonymous_28)
FNDA:2,(anonymous_29)
FNDA:1,(anonymous_30)
FNDA:1,(anonymous_31)
FNDA:2,(anonymous_32)
FNDA:2,(anonymous_33)
FNDA:2,(anonymous_34)
FNDA:1,(anonymous_35)
FNDA:1,(anonymous_36)
FNDA:0,(anonymous_37)
FNDA:2,(anonymous_38)
FNDA:2,(anonymous_39)
FNDA:1,(anonymous_40)
FNDA:2,(anonymous_41)
FNDA:2,(anonymous_42)
FNDA:0,(anonymous_43)
FNDA:0,(anonymous_44)
DA:7,4
DA:8,4
DA:9,4
DA:10,4
DA:11,4
DA:14,4
DA:15,4
DA:16,4
DA:18,4
DA:24,4
DA:31,1
DA:32,1
DA:36,1
DA:38,0
DA:39,0
DA:40,0
DA:49,4
DA:51,4
DA:52,1
DA:53,1
DA:54,1
DA:57,4
DA:58,1
DA:60,1
DA:61,1
DA:62,1
DA:64,0
DA:75,4
DA:76,3
DA:77,4
DA:80,4
DA:81,4
DA:82,4
DA:84,6
DA:85,3
DA:87,3
DA:95,4
DA:96,1
DA:97,1
DA:98,1
DA:99,1
DA:101,1
DA:109,4
DA:110,1
DA:111,1
DA:112,1
DA:113,1
DA:121,4
DA:122,3
DA:123,3
DA:130,4
DA:131,1
DA:132,2
DA:134,1
DA:136,2
DA:137,2
DA:138,2
DA:142,1
DA:143,1
DA:147,4
DA:148,2
DA:150,1
DA:152,2
DA:153,2
DA:157,1
DA:158,1
DA:167,4
DA:168,1
DA:169,2
DA:170,2
DA:171,2
DA:178,4
DA:179,2
DA:180,2
DA:182,2
DA:188,4
DA:189,0
DA:190,0
LF:78
LH:72
BRDA:61,0,0,1
BRDA:61,0,1,0
BRDA:61,1,0,1
BRDA:61,1,1,0
BRDA:77,2,0,0
BRDA:77,2,1,4
BRDA:84,3,0,2
BRDA:84,3,1,1
BRDA:86,4,0,1
BRDA:86,4,1,2
BRDA:86,5,0,3
BRDA:86,5,1,2
BRDA:86,5,2,2
BRDA:131,6,0,1
BRDA:131,6,1,1
BRDA:138,7,0,2
BRDA:138,7,1,0
BRDA:138,8,0,2
BRDA:138,8,1,0
BRDA:153,9,0,2
BRDA:153,9,1,0
BRDA:168,10,0,0
BRDA:168,10,1,1
BRF:23
BRH:16
end_of_record
TN:
SF:/Users/sth1pal/Documents/Development/JavaScript/nodejs/ts6/dev/hsNode/hsHomeSec/src/node/core/CommandReceiver.ts
FN:39,interpretCommand
FN:50,(anonymous_1)
FN:57,informSender
FN:70,processCommand
FN:75,(anonymous_4)
FN:85,(anonymous_5)
FN:97,(anonymous_6)
FN:99,(anonymous_7)
FN:123,(anonymous_8)
FN:128,(anonymous_9)
FN:133,(anonymous_10)
FN:136,(anonymous_11)
FN:138,(anonymous_12)
FN:138,(anonymous_13)
FN:158,(anonymous_14)
FN:160,(anonymous_15)
FNF:16
FNH:8
FNDA:3,interpretCommand
FNDA:0,(anonymous_1)
FNDA:3,informSender
FNDA:3,processCommand
FNDA:3,(anonymous_4)
FNDA:12,(anonymous_5)
FNDA:4,(anonymous_6)
FNDA:23,(anonymous_7)
FNDA:1,(anonymous_8)
FNDA:0,(anonymous_9)
FNDA:0,(anonymous_10)
FNDA:0,(anonymous_11)
FNDA:0,(anonymous_12)
FNDA:0,(anonymous_13)
FNDA:0,(anonymous_14)
FNDA:0,(anonymous_15)
DA:4,4
DA:5,4
DA:6,4
DA:7,4
DA:8,4
DA:9,4
DA:31,4
DA:40,3
DA:41,3
DA:42,1
DA:43,1
DA:44,1
DA:46,0
DA:48,2
DA:49,2
DA:51,0
DA:52,0
DA:58,3
DA:59,3
DA:60,3
DA:65,0
DA:66,0
DA:70,4
DA:71,3
DA:72,3
DA:73,3
DA:74,3
DA:75,3
DA:85,4
DA:86,12
DA:87,12
DA:88,12
DA:89,12
DA:97,4
DA:98,4
DA:99,23
DA:119,4
DA:120,1
DA:121,1
DA:123,1
DA:124,1
DA:125,1
DA:129,0
DA:130,0
DA:131,0
DA:133,0
DA:137,0
DA:138,0
DA:139,0
DA:140,0
DA:141,0
DA:142,0
DA:143,0
DA:144,0
DA:145,0
DA:146,0
DA:148,0
DA:151,0
DA:154,0
DA:155,0
DA:159,0
DA:160,0
LF:62
LH:37
BRDA:41,0,0,1
BRDA:41,0,1,2
BRDA:59,1,0,3
BRDA:59,1,1,0
BRDA:62,2,0,3
BRDA:62,2,1,2
BRDA:139,3,0,0
BRDA:139,3,1,0
BRDA:141,4,0,0
BRDA:141,4,1,0
BRDA:144,5,0,0
BRDA:144,5,1,0
BRDA:160,6,0,0
BRDA:160,6,1,0
BRF:14
BRH:5
end_of_record
TN:
SF:/Users/sth1pal/Documents/Development/JavaScript/nodejs/ts6/dev/hsNode/hsHomeSec/src/node/core/Init.ts
FN:28,addCommands
FN:29,(anonymous_7)
FN:33,createDevices
FN:34,(anonymous_9)
FN:42,wifiCheck
FN:45,(anonymous_11)
FN:45,(anonymous_12)
FN:62,setDevicesTime
FN:63,(anonymous_14)
FN:69,(anonymous_15)
FN:71,(anonymous_16)
FN:80,(anonymous_17)
FN:85,(anonymous_18)
FN:87,(anonymous_19)
FN:88,(anonymous_20)
FN:92,startScheduledTasks
FNF:16
FNH:6
FNDA:1,addCommands
FNDA:11,(anonymous_7)
FNDA:1,createDevices
FNDA:2,(anonymous_9)
FNDA:0,wifiCheck
FNDA:0,(anonymous_11)
FNDA:0,(anonymous_12)
FNDA:0,setDevicesTime
FNDA:0,(anonymous_14)
FNDA:1,(anonymous_15)
FNDA:1,(anonymous_16)
FNDA:0,(anonymous_17)
FNDA:0,(anonymous_18)
FNDA:0,(anonymous_19)
FNDA:0,(anonymous_20)
FNDA:0,startScheduledTasks
DA:1,1
DA:2,1
DA:3,1
DA:4,1
DA:5,1
DA:7,1
DA:8,1
DA:12,1
DA:14,1
DA:29,11
DA:30,1
DA:34,1
DA:35,2
DA:36,2
DA:37,2
DA:43,0
DA:44,0
DA:45,0
DA:46,0
DA:47,0
DA:48,0
DA:49,0
DA:50,0
DA:52,0
DA:53,0
DA:54,0
DA:55,0
DA:56,0
DA:57,0
DA:63,0
DA:69,1
DA:70,1
DA:71,1
DA:72,1
DA:73,1
DA:74,1
DA:75,1
DA:76,1
DA:77,1
DA:80,1
DA:81,0
DA:82,0
DA:85,1
DA:86,0
DA:87,0
DA:88,0
DA:89,0
DA:92,1
DA:93,0
DA:94,0
DA:95,0
DA:96,0
DA:98,0
DA:99,0
LF:54
LH:27
BRDA:35,0,0,1
BRDA:35,0,1,1
BRDA:36,1,0,1
BRDA:36,1,1,1
BRDA:49,2,0,0
BRDA:49,2,1,0
BRDA:95,3,0,0
BRDA:95,3,1,0
BRDA:95,4,0,0
BRDA:95,4,1,0
BRF:10
BRH:4
end_of_record
TN:
SF:/Users/sth1pal/Documents/Development/JavaScript/nodejs/ts6/dev/hsNode/hsHomeSec/src/node/core/alarm.ts
FN:10,setAlarmText
FN:15,raiseAlarm
FNF:2
FNH:1
FNDA:1,setAlarmText
FNDA:0,raiseAlarm
DA:1,2
DA:2,2
DA:3,2
DA:4,2
DA:5,2
DA:8,2
DA:10,2
DA:11,1
DA:12,1
DA:15,2
DA:16,0
DA:17,0
DA:18,0
DA:19,0
DA:20,0
LF:15
LH:10
BRDA:19,0,0,0
BRDA:19,0,1,0
BRDA:19,1,0,0
BRDA:19,1,1,0
BRF:4
BRH:0
end_of_record
TN:
SF:/Users/sth1pal/Documents/Development/JavaScript/nodejs/ts6/dev/hsNode/hsHomeSec/src/node/device/Device.ts
FN:113,(anonymous_6)
FN:114,(anonymous_7)
FN:115,(anonymous_8)
FN:116,(anonymous_9)
FN:119,(anonymous_10)
FN:125,(anonymous_11)
FN:127,(anonymous_13)
FN:131,(anonymous_14)
FN:141,(anonymous_15)
FN:146,(anonymous_16)
FN:153,(anonymous_19)
FN:154,(anonymous_20)
FN:155,(anonymous_21)
FN:156,(anonymous_22)
FN:163,(anonymous_23)
FN:164,(anonymous_24)
FN:171,(anonymous_25)
FN:185,(anonymous_26)
FN:224,(anonymous_27)
FN:227,(anonymous_28)
FN:230,(anonymous_29)
FN:239,(anonymous_30)
FN:244,(anonymous_31)
FN:258,(anonymous_32)
FN:271,(anonymous_33)
FN:276,(anonymous_34)
FNF:26
FNH:14
FNDA:0,(anonymous_6)
FNDA:0,(anonymous_7)
FNDA:0,(anonymous_8)
FNDA:0,(anonymous_9)
FNDA:4,(anonymous_10)
FNDA:0,(anonymous_11)
FNDA:4,(anonymous_13)
FNDA:32,(anonymous_14)
FNDA:4,(anonymous_15)
FNDA:0,(anonymous_16)
FNDA:4,(anonymous_19)
FNDA:6,(anonymous_20)
FNDA:2,(anonymous_21)
FNDA:0,(anonymous_22)
FNDA:0,(anonymous_23)
FNDA:0,(anonymous_24)
FNDA:0,(anonymous_25)
FNDA:1,(anonymous_26)
FNDA:2,(anonymous_27)
FNDA:2,(anonymous_28)
FNDA:2,(anonymous_29)
FNDA:0,(anonymous_30)
FNDA:0,(anonymous_31)
FNDA:4,(anonymous_32)
FNDA:3,(anonymous_33)
FNDA:11,(anonymous_34)
DA:2,4
DA:3,4
DA:4,4
DA:8,4
DA:109,4
DA:113,0
DA:114,0
DA:115,0
DA:116,0
DA:120,4
DA:121,4
DA:122,4
DA:128,4
DA:132,32
DA:137,4
DA:138,4
DA:139,4
DA:142,4
DA:143,4
DA:147,0
DA:148,0
DA:149,0
DA:150,0
DA:153,4
DA:154,6
DA:155,2
DA:156,0
DA:164,0
DA:165,0
DA:166,0
DA:167,0
DA:172,0
DA:185,1
DA:225,2
DA:226,2
DA:227,2
DA:231,2
DA:240,0
DA:241,0
DA:242,0
DA:243,0
DA:245,0
DA:246,0
DA:247,0
DA:248,0
DA:250,0
DA:256,4
DA:257,4
DA:259,4
DA:260,4
DA:261,4
DA:262,4
DA:263,4
DA:264,4
DA:266,4
DA:267,4
DA:268,4
DA:272,3
DA:277,11
LF:59
LH:36
BRDA:143,0,0,2
BRDA:143,0,1,2
BRDA:148,1,0,0
BRDA:148,1,1,0
BRDA:246,2,0,0
BRDA:246,2,1,0
BRDA:260,3,0,0
BRDA:260,3,1,4
BRDA:261,4,0,0
BRDA:261,4,1,4
BRDA:262,5,0,0
BRDA:262,5,1,4
BRDA:267,6,0,2
BRDA:267,6,1,2
BRF:14
BRH:7
end_of_record
TN:
SF:/Users/sth1pal/Documents/Development/JavaScript/nodejs/ts6/dev/hsNode/hsHomeSec/src/node/device/Foscam.ts
FN:28,(anonymous_6)
FN:39,(anonymous_7)
FN:43,(anonymous_10)
FN:61,(anonymous_12)
FN:64,(anonymous_13)
FN:76,(anonymous_14)
FN:79,(anonymous_15)
FN:97,(anonymous_16)
FN:102,(anonymous_17)
FN:108,(anonymous_18)
FN:120,(anonymous_19)
FN:124,(anonymous_20)
FN:138,(anonymous_21)
FN:143,(anonymous_22)
FN:144,(anonymous_23)
FN:156,(anonymous_24)
FN:164,(anonymous_25)
FN:172,(anonymous_26)
FNF:18
FNH:1
FNDA:1,(anonymous_6)
FNDA:0,(anonymous_7)
FNDA:0,(anonymous_10)
FNDA:0,(anonymous_12)
FNDA:0,(anonymous_13)
FNDA:0,(anonymous_14)
FNDA:0,(anonymous_15)
FNDA:0,(anonymous_16)
FNDA:0,(anonymous_17)
FNDA:0,(anonymous_18)
FNDA:0,(anonymous_19)
FNDA:0,(anonymous_20)
FNDA:0,(anonymous_21)
FNDA:0,(anonymous_22)
FNDA:0,(anonymous_23)
FNDA:0,(anonymous_24)
FNDA:0,(anonymous_25)
FNDA:0,(anonymous_26)
DA:8,1
DA:10,1
DA:12,1
DA:13,1
DA:14,1
DA:16,1
DA:25,1
DA:26,1
DA:29,1
DA:31,1
DA:32,1
DA:33,1
DA:34,7
DA:35,10
DA:36,1
DA:40,0
DA:45,0
DA:46,0
DA:47,0
DA:48,0
DA:49,0
DA:50,0
DA:51,0
DA:52,0
DA:53,0
DA:54,0
DA:62,0
DA:63,0
DA:65,0
DA:66,0
DA:67,0
DA:68,0
DA:77,0
DA:78,0
DA:80,0
DA:81,0
DA:82,0
DA:83,0
DA:84,0
DA:86,0
DA:87,0
DA:98,0
DA:99,0
DA:100,0
DA:101,0
DA:103,0
DA:104,0
DA:105,0
DA:106,0
DA:109,0
DA:110,0
DA:121,0
DA:122,0
DA:123,0
DA:125,0
DA:126,0
DA:127,0
DA:139,0
DA:141,0
DA:143,0
DA:145,0
DA:146,0
DA:157,0
DA:158,0
DA:159,0
DA:161,0
DA:162,0
DA:163,0
DA:165,0
DA:166,0
DA:167,0
DA:168,0
DA:170,0
DA:173,0
DA:174,0
LF:75
LH:15
BRDA:66,0,0,0
BRDA:66,0,1,0
BRDA:81,1,0,0
BRDA:81,1,1,0
BRDA:104,2,0,0
BRDA:104,2,1,0
BRDA:126,3,0,0
BRDA:126,3,1,0
BRDA:126,4,0,0
BRDA:126,4,1,0
BRDA:157,5,0,0
BRDA:157,5,1,0
BRDA:161,6,0,0
BRDA:161,6,1,0
BRDA:162,7,0,0
BRDA:162,7,1,0
BRDA:166,8,0,0
BRDA:166,8,1,0
BRDA:167,9,0,0
BRDA:167,9,1,0
BRF:20
BRH:0
end_of_record
TN:
SF:/Users/sth1pal/Documents/Development/JavaScript/nodejs/ts6/dev/hsNode/hsHomeSec/src/node/device/WansView.ts
FN:17,(anonymous_6)
FN:56,(anonymous_7)
FN:62,(anonymous_8)
FN:68,(anonymous_11)
FN:70,(anonymous_12)
FN:80,(anonymous_13)
FN:86,(anonymous_14)
FN:93,(anonymous_16)
FN:102,(anonymous_17)
FN:105,(anonymous_18)
FN:119,(anonymous_19)
FN:129,(anonymous_20)
FN:133,(anonymous_21)
FN:136,(anonymous_22)
FN:140,(anonymous_23)
FN:150,(anonymous_24)
FN:162,(anonymous_25)
FN:166,(anonymous_26)
FN:171,(anonymous_27)
FN:172,(anonymous_28)
FN:186,(anonymous_29)
FN:191,(anonymous_30)
FN:192,(anonymous_31)
FN:204,(anonymous_32)
FN:213,(anonymous_33)
FN:214,(anonymous_34)
FN:218,(anonymous_35)
FN:229,(anonymous_36)
FNF:28
FNH:1
FNDA:0,(anonymous_6)
FNDA:1,(anonymous_7)
FNDA:0,(anonymous_8)
FNDA:0,(anonymous_11)
FNDA:0,(anonymous_12)
FNDA:0,(anonymous_13)
FNDA:0,(anonymous_14)
FNDA:0,(anonymous_16)
FNDA:0,(anonymous_17)
FNDA:0,(anonymous_18)
FNDA:0,(anonymous_19)
FNDA:0,(anonymous_20)
FNDA:0,(anonymous_21)
FNDA:0,(anonymous_22)
FNDA:0,(anonymous_23)
FNDA:0,(anonymous_24)
FNDA:0,(anonymous_25)
FNDA:0,(anonymous_26)
FNDA:0,(anonymous_27)
FNDA:0,(anonymous_28)
FNDA:0,(anonymous_29)
FNDA:0,(anonymous_30)
FNDA:0,(anonymous_31)
FNDA:0,(anonymous_32)
FNDA:0,(anonymous_33)
FNDA:0,(anonymous_34)
FNDA:0,(anonymous_35)
FNDA:0,(anonymous_36)
DA:4,1
DA:9,1
DA:10,1
DA:11,1
DA:13,1
DA:14,1
DA:16,1
DA:17,0
DA:53,1
DA:54,1
DA:57,1
DA:58,1
DA:63,0
DA:64,0
DA:65,0
DA:69,0
DA:71,0
DA:72,0
DA:73,0
DA:74,0
DA:76,0
DA:77,0
DA:81,0
DA:82,0
DA:87,0
DA:88,0
DA:89,0
DA:90,0
DA:94,0
DA:95,0
DA:103,0
DA:104,0
DA:106,0
DA:107,0
DA:108,0
DA:109,0
DA:120,0
DA:121,0
DA:130,0
DA:131,0
DA:132,0
DA:134,0
DA:135,0
DA:136,0
DA:137,0
DA:138,0
DA:141,0
DA:151,0
DA:152,0
DA:153,0
DA:163,0
DA:164,0
DA:165,0
DA:167,0
DA:168,0
DA:169,0
DA:171,0
DA:173,0
DA:174,0
DA:175,0
DA:187,0
DA:189,0
DA:191,0
DA:193,0
DA:194,0
DA:205,0
DA:207,0
DA:208,0
DA:209,0
DA:211,0
DA:212,0
DA:213,0
DA:215,0
DA:216,0
DA:217,0
DA:218,0
DA:219,0
DA:220,0
DA:221,0
DA:222,0
DA:223,0
DA:224,0
DA:227,0
DA:230,0
DA:231,0
LF:85
LH:11
BRDA:18,0,0,0
BRDA:18,0,1,0
BRDA:19,1,0,0
BRDA:19,1,1,0
BRDA:20,2,0,0
BRDA:20,2,1,0
BRDA:72,3,0,0
BRDA:72,3,1,0
BRDA:72,4,0,0
BRDA:72,4,1,0
BRDA:136,5,0,0
BRDA:136,5,1,0
BRDA:168,6,0,0
BRDA:168,6,1,0
BRDA:174,7,0,0
BRDA:174,7,1,0
BRDA:207,8,0,0
BRDA:207,8,1,0
BRDA:218,9,0,0
BRDA:218,9,1,0
BRDA:218,10,0,0
BRDA:218,10,1,0
BRDA:219,11,0,0
BRDA:219,11,1,0
BRDA:220,12,0,0
BRDA:220,12,1,0
BRDA:223,13,0,0
BRDA:223,13,1,0
BRF:28
BRH:0
end_of_record
